{"/Users/pranay/Documents/ondorealestatewebsite/components/error-boundary.tsx": {"path":"/Users/pranay/Documents/ondorealestatewebsite/components/error-boundary.tsx","all":false,"statementMap":{"0":{"start":{"line":1,"column":0},"end":{"line":1,"column":12}},"2":{"start":{"line":3,"column":0},"end":{"line":3,"column":25}},"3":{"start":{"line":4,"column":0},"end":{"line":4,"column":47}},"4":{"start":{"line":5,"column":0},"end":{"line":5,"column":96}},"5":{"start":{"line":6,"column":0},"end":{"line":6,"column":55}},"18":{"start":{"line":19,"column":0},"end":{"line":19,"column":85}},"19":{"start":{"line":20,"column":0},"end":{"line":20,"column":42}},"20":{"start":{"line":21,"column":0},"end":{"line":21,"column":16}},"21":{"start":{"line":22,"column":0},"end":{"line":22,"column":36}},"22":{"start":{"line":23,"column":0},"end":{"line":23,"column":3}},"24":{"start":{"line":25,"column":0},"end":{"line":25,"column":69}},"25":{"start":{"line":26,"column":0},"end":{"line":26,"column":12}},"26":{"start":{"line":27,"column":0},"end":{"line":27,"column":21}},"27":{"start":{"line":28,"column":0},"end":{"line":28,"column":12}},"28":{"start":{"line":29,"column":0},"end":{"line":29,"column":5}},"29":{"start":{"line":30,"column":0},"end":{"line":30,"column":3}},"31":{"start":{"line":32,"column":0},"end":{"line":32,"column":63}},"33":{"start":{"line":34,"column":0},"end":{"line":34,"column":55}},"34":{"start":{"line":35,"column":0},"end":{"line":35,"column":41}},"35":{"start":{"line":36,"column":0},"end":{"line":36,"column":35}},"36":{"start":{"line":37,"column":0},"end":{"line":37,"column":21}},"37":{"start":{"line":38,"column":0},"end":{"line":38,"column":8}},"38":{"start":{"line":39,"column":0},"end":{"line":39,"column":5}},"40":{"start":{"line":41,"column":0},"end":{"line":41,"column":19}},"41":{"start":{"line":42,"column":0},"end":{"line":42,"column":12}},"42":{"start":{"line":43,"column":0},"end":{"line":43,"column":16}},"43":{"start":{"line":44,"column":0},"end":{"line":44,"column":6}},"44":{"start":{"line":45,"column":0},"end":{"line":45,"column":3}},"46":{"start":{"line":47,"column":0},"end":{"line":47,"column":22}},"47":{"start":{"line":48,"column":0},"end":{"line":48,"column":78}},"48":{"start":{"line":49,"column":0},"end":{"line":49,"column":3}},"50":{"start":{"line":51,"column":0},"end":{"line":51,"column":12}},"51":{"start":{"line":52,"column":0},"end":{"line":52,"column":30}},"52":{"start":{"line":53,"column":0},"end":{"line":53,"column":32}},"53":{"start":{"line":54,"column":0},"end":{"line":54,"column":53}},"54":{"start":{"line":55,"column":0},"end":{"line":55,"column":90}},"55":{"start":{"line":56,"column":0},"end":{"line":56,"column":7}},"57":{"start":{"line":58,"column":0},"end":{"line":58,"column":14}},"58":{"start":{"line":59,"column":0},"end":{"line":59,"column":75}},"59":{"start":{"line":60,"column":0},"end":{"line":60,"column":44}},"60":{"start":{"line":61,"column":0},"end":{"line":61,"column":48}},"61":{"start":{"line":62,"column":0},"end":{"line":62,"column":111}},"62":{"start":{"line":63,"column":0},"end":{"line":63,"column":70}},"63":{"start":{"line":64,"column":0},"end":{"line":64,"column":20}},"64":{"start":{"line":65,"column":0},"end":{"line":65,"column":77}},"65":{"start":{"line":66,"column":0},"end":{"line":66,"column":31}},"67":{"start":{"line":68,"column":0},"end":{"line":68,"column":32}},"68":{"start":{"line":69,"column":0},"end":{"line":69,"column":25}},"69":{"start":{"line":70,"column":0},"end":{"line":70,"column":47}},"70":{"start":{"line":71,"column":0},"end":{"line":71,"column":78}},"71":{"start":{"line":72,"column":0},"end":{"line":72,"column":69}},"72":{"start":{"line":73,"column":0},"end":{"line":73,"column":89}},"73":{"start":{"line":74,"column":0},"end":{"line":74,"column":68}},"74":{"start":{"line":75,"column":0},"end":{"line":75,"column":46}},"75":{"start":{"line":76,"column":0},"end":{"line":76,"column":58}},"76":{"start":{"line":77,"column":0},"end":{"line":77,"column":24}},"77":{"start":{"line":78,"column":0},"end":{"line":78,"column":26}},"79":{"start":{"line":80,"column":0},"end":{"line":80,"column":51}},"80":{"start":{"line":81,"column":0},"end":{"line":81,"column":69}},"81":{"start":{"line":82,"column":0},"end":{"line":82,"column":56}},"83":{"start":{"line":84,"column":0},"end":{"line":84,"column":25}},"84":{"start":{"line":85,"column":0},"end":{"line":85,"column":24}},"85":{"start":{"line":86,"column":0},"end":{"line":86,"column":36}},"86":{"start":{"line":87,"column":0},"end":{"line":87,"column":60}},"87":{"start":{"line":88,"column":0},"end":{"line":88,"column":36}},"88":{"start":{"line":89,"column":0},"end":{"line":89,"column":17}},"90":{"start":{"line":91,"column":0},"end":{"line":91,"column":25}},"91":{"start":{"line":92,"column":0},"end":{"line":92,"column":20}},"92":{"start":{"line":93,"column":0},"end":{"line":93,"column":26}},"93":{"start":{"line":94,"column":0},"end":{"line":94,"column":17}},"94":{"start":{"line":95,"column":0},"end":{"line":95,"column":14}},"96":{"start":{"line":97,"column":0},"end":{"line":97,"column":5}},"98":{"start":{"line":99,"column":0},"end":{"line":99,"column":30}},"99":{"start":{"line":100,"column":0},"end":{"line":100,"column":3}},"100":{"start":{"line":101,"column":0},"end":{"line":101,"column":1}},"102":{"start":{"line":103,"column":0},"end":{"line":103,"column":28}}},"s":{"0":1,"2":1,"3":1,"4":1,"5":1,"18":1,"19":1,"20":12,"21":12,"22":12,"24":1,"25":14,"26":14,"27":14,"28":14,"29":14,"31":1,"33":7,"34":1,"35":1,"36":1,"37":1,"38":1,"40":7,"41":7,"42":7,"43":7,"44":7,"46":1,"47":2,"48":2,"50":1,"51":36,"52":21,"53":9,"54":9,"55":9,"57":12,"58":12,"59":12,"60":12,"61":12,"62":12,"63":12,"64":12,"65":12,"67":12,"68":12,"69":12,"70":21,"71":0,"72":0,"73":0,"74":0,"75":0,"76":0,"77":0,"79":21,"80":21,"81":21,"83":21,"84":21,"85":21,"86":21,"87":21,"88":21,"90":21,"91":21,"92":21,"93":21,"94":21,"96":21,"98":15,"99":36,"100":1,"102":1},"branchMap":{"0":{"type":"branch","line":20,"loc":{"start":{"line":20,"column":2},"end":{"line":23,"column":3}},"locations":[{"start":{"line":20,"column":2},"end":{"line":23,"column":3}}]},"1":{"type":"branch","line":47,"loc":{"start":{"line":47,"column":15},"end":{"line":49,"column":3}},"locations":[{"start":{"line":47,"column":15},"end":{"line":49,"column":3}}]},"2":{"type":"branch","line":25,"loc":{"start":{"line":25,"column":9},"end":{"line":30,"column":3}},"locations":[{"start":{"line":25,"column":9},"end":{"line":30,"column":3}}]},"3":{"type":"branch","line":32,"loc":{"start":{"line":32,"column":2},"end":{"line":45,"column":3}},"locations":[{"start":{"line":32,"column":2},"end":{"line":45,"column":3}}]},"4":{"type":"branch","line":34,"loc":{"start":{"line":34,"column":54},"end":{"line":39,"column":5}},"locations":[{"start":{"line":34,"column":54},"end":{"line":39,"column":5}}]},"5":{"type":"branch","line":51,"loc":{"start":{"line":51,"column":2},"end":{"line":100,"column":3}},"locations":[{"start":{"line":51,"column":2},"end":{"line":100,"column":3}}]},"6":{"type":"branch","line":52,"loc":{"start":{"line":52,"column":29},"end":{"line":97,"column":5}},"locations":[{"start":{"line":52,"column":29},"end":{"line":97,"column":5}}]},"7":{"type":"branch","line":53,"loc":{"start":{"line":53,"column":31},"end":{"line":56,"column":7}},"locations":[{"start":{"line":53,"column":31},"end":{"line":56,"column":7}}]},"8":{"type":"branch","line":56,"loc":{"start":{"line":56,"column":6},"end":{"line":71,"column":57}},"locations":[{"start":{"line":56,"column":6},"end":{"line":71,"column":57}}]},"9":{"type":"branch","line":71,"loc":{"start":{"line":71,"column":40},"end":{"line":71,"column":78}},"locations":[{"start":{"line":71,"column":40},"end":{"line":71,"column":78}}]},"10":{"type":"branch","line":71,"loc":{"start":{"line":71,"column":68},"end":{"line":78,"column":26}},"locations":[{"start":{"line":71,"column":68},"end":{"line":78,"column":26}}]},"11":{"type":"branch","line":97,"loc":{"start":{"line":97,"column":4},"end":{"line":99,"column":30}},"locations":[{"start":{"line":97,"column":4},"end":{"line":99,"column":30}}]}},"b":{"0":[12],"1":[2],"2":[14],"3":[7],"4":[1],"5":[36],"6":[21],"7":[9],"8":[12],"9":[0],"10":[0],"11":[15]},"fnMap":{"0":{"name":"ErrorBoundary","decl":{"start":{"line":20,"column":2},"end":{"line":23,"column":3}},"loc":{"start":{"line":20,"column":2},"end":{"line":23,"column":3}},"line":20},"1":{"name":"ErrorBoundary.resetError","decl":{"start":{"line":47,"column":15},"end":{"line":49,"column":3}},"loc":{"start":{"line":47,"column":15},"end":{"line":49,"column":3}},"line":47},"2":{"name":"getDerivedStateFromError","decl":{"start":{"line":25,"column":9},"end":{"line":30,"column":3}},"loc":{"start":{"line":25,"column":9},"end":{"line":30,"column":3}},"line":25},"3":{"name":"componentDidCatch","decl":{"start":{"line":32,"column":2},"end":{"line":45,"column":3}},"loc":{"start":{"line":32,"column":2},"end":{"line":45,"column":3}},"line":32},"4":{"name":"render","decl":{"start":{"line":51,"column":2},"end":{"line":100,"column":3}},"loc":{"start":{"line":51,"column":2},"end":{"line":100,"column":3}},"line":51},"5":{"name":"onClick","decl":{"start":{"line":87,"column":27},"end":{"line":87,"column":60}},"loc":{"start":{"line":87,"column":27},"end":{"line":87,"column":60}},"line":87}},"f":{"0":12,"1":2,"2":14,"3":7,"4":36,"5":0}}
,"/Users/pranay/Documents/ondorealestatewebsite/components/loading.tsx": {"path":"/Users/pranay/Documents/ondorealestatewebsite/components/loading.tsx","all":false,"statementMap":{"0":{"start":{"line":1,"column":0},"end":{"line":1,"column":51}},"2":{"start":{"line":3,"column":0},"end":{"line":3,"column":35}},"3":{"start":{"line":4,"column":0},"end":{"line":4,"column":10}},"4":{"start":{"line":5,"column":0},"end":{"line":5,"column":48}},"5":{"start":{"line":6,"column":0},"end":{"line":6,"column":51}},"7":{"start":{"line":8,"column":0},"end":{"line":8,"column":64}},"8":{"start":{"line":9,"column":0},"end":{"line":9,"column":44}},"9":{"start":{"line":10,"column":0},"end":{"line":10,"column":38}},"10":{"start":{"line":11,"column":0},"end":{"line":11,"column":46}},"11":{"start":{"line":12,"column":0},"end":{"line":12,"column":46}},"12":{"start":{"line":13,"column":0},"end":{"line":13,"column":46}},"13":{"start":{"line":14,"column":0},"end":{"line":14,"column":16}},"14":{"start":{"line":15,"column":0},"end":{"line":15,"column":14}},"17":{"start":{"line":18,"column":0},"end":{"line":18,"column":43}},"18":{"start":{"line":19,"column":0},"end":{"line":19,"column":57}},"19":{"start":{"line":20,"column":0},"end":{"line":20,"column":56}},"20":{"start":{"line":21,"column":0},"end":{"line":21,"column":58}},"21":{"start":{"line":22,"column":0},"end":{"line":22,"column":46}},"22":{"start":{"line":23,"column":0},"end":{"line":23,"column":46}},"23":{"start":{"line":24,"column":0},"end":{"line":24,"column":16}},"24":{"start":{"line":25,"column":0},"end":{"line":25,"column":14}},"27":{"start":{"line":28,"column":0},"end":{"line":28,"column":36}},"28":{"start":{"line":29,"column":0},"end":{"line":29,"column":39}},"29":{"start":{"line":30,"column":0},"end":{"line":30,"column":53}},"30":{"start":{"line":31,"column":0},"end":{"line":31,"column":55}},"31":{"start":{"line":32,"column":0},"end":{"line":32,"column":69}},"32":{"start":{"line":33,"column":0},"end":{"line":33,"column":42}},"33":{"start":{"line":34,"column":0},"end":{"line":34,"column":56}},"34":{"start":{"line":35,"column":0},"end":{"line":35,"column":67}},"35":{"start":{"line":36,"column":0},"end":{"line":36,"column":54}},"36":{"start":{"line":37,"column":0},"end":{"line":37,"column":55}},"37":{"start":{"line":38,"column":0},"end":{"line":38,"column":54}},"38":{"start":{"line":39,"column":0},"end":{"line":39,"column":56}},"39":{"start":{"line":40,"column":0},"end":{"line":40,"column":24}},"40":{"start":{"line":41,"column":0},"end":{"line":41,"column":19}},"41":{"start":{"line":42,"column":0},"end":{"line":42,"column":20}},"42":{"start":{"line":43,"column":0},"end":{"line":43,"column":18}},"43":{"start":{"line":44,"column":0},"end":{"line":44,"column":13}},"44":{"start":{"line":45,"column":0},"end":{"line":45,"column":14}},"45":{"start":{"line":46,"column":0},"end":{"line":46,"column":12}},"46":{"start":{"line":47,"column":0},"end":{"line":47,"column":10}},"48":{"start":{"line":49,"column":0},"end":{"line":49,"column":1}}},"s":{"0":1,"2":2,"3":2,"4":2,"5":2,"7":2,"8":2,"9":2,"10":2,"11":2,"12":2,"13":2,"14":2,"17":2,"18":2,"19":2,"20":2,"21":2,"22":2,"23":2,"24":2,"27":2,"28":2,"29":6,"30":6,"31":6,"32":6,"33":18,"34":18,"35":18,"36":18,"37":18,"38":18,"39":18,"40":6,"41":6,"42":6,"43":2,"44":2,"45":2,"46":2,"48":2},"branchMap":{"0":{"type":"branch","line":3,"loc":{"start":{"line":3,"column":0},"end":{"line":49,"column":1}},"locations":[{"start":{"line":3,"column":0},"end":{"line":49,"column":1}}]},"1":{"type":"branch","line":29,"loc":{"start":{"line":29,"column":25},"end":{"line":43,"column":18}},"locations":[{"start":{"line":29,"column":25},"end":{"line":43,"column":18}}]},"2":{"type":"branch","line":33,"loc":{"start":{"line":33,"column":31},"end":{"line":40,"column":24}},"locations":[{"start":{"line":33,"column":31},"end":{"line":40,"column":24}}]}},"b":{"0":[2],"1":[6],"2":[18]},"fnMap":{"0":{"name":"Loading","decl":{"start":{"line":3,"column":0},"end":{"line":49,"column":1}},"loc":{"start":{"line":3,"column":0},"end":{"line":49,"column":1}},"line":3}},"f":{"0":2}}
,"/Users/pranay/Documents/ondorealestatewebsite/components/ui/button.tsx": {"path":"/Users/pranay/Documents/ondorealestatewebsite/components/ui/button.tsx","all":false,"statementMap":{"0":{"start":{"line":1,"column":0},"end":{"line":1,"column":30}},"6":{"start":{"line":7,"column":0},"end":{"line":7,"column":27}},"7":{"start":{"line":8,"column":0},"end":{"line":8,"column":349}},"8":{"start":{"line":9,"column":0},"end":{"line":9,"column":3}},"9":{"start":{"line":10,"column":0},"end":{"line":10,"column":15}},"10":{"start":{"line":11,"column":0},"end":{"line":11,"column":16}},"11":{"start":{"line":12,"column":0},"end":{"line":12,"column":74}},"12":{"start":{"line":13,"column":0},"end":{"line":13,"column":20}},"13":{"start":{"line":14,"column":0},"end":{"line":14,"column":79}},"14":{"start":{"line":15,"column":0},"end":{"line":15,"column":16}},"15":{"start":{"line":16,"column":0},"end":{"line":16,"column":91}},"16":{"start":{"line":17,"column":0},"end":{"line":17,"column":18}},"17":{"start":{"line":18,"column":0},"end":{"line":18,"column":73}},"18":{"start":{"line":19,"column":0},"end":{"line":19,"column":62}},"19":{"start":{"line":20,"column":0},"end":{"line":20,"column":64}},"20":{"start":{"line":21,"column":0},"end":{"line":21,"column":8}},"21":{"start":{"line":22,"column":0},"end":{"line":22,"column":13}},"22":{"start":{"line":23,"column":0},"end":{"line":23,"column":34}},"23":{"start":{"line":24,"column":0},"end":{"line":24,"column":34}},"24":{"start":{"line":25,"column":0},"end":{"line":25,"column":35}},"25":{"start":{"line":26,"column":0},"end":{"line":26,"column":26}},"26":{"start":{"line":27,"column":0},"end":{"line":27,"column":8}},"27":{"start":{"line":28,"column":0},"end":{"line":28,"column":6}},"28":{"start":{"line":29,"column":0},"end":{"line":29,"column":22}},"29":{"start":{"line":30,"column":0},"end":{"line":30,"column":25}},"30":{"start":{"line":31,"column":0},"end":{"line":31,"column":22}},"31":{"start":{"line":32,"column":0},"end":{"line":32,"column":6}},"32":{"start":{"line":33,"column":0},"end":{"line":33,"column":3}},"33":{"start":{"line":34,"column":0},"end":{"line":34,"column":1}},"41":{"start":{"line":42,"column":0},"end":{"line":42,"column":64}},"42":{"start":{"line":43,"column":0},"end":{"line":43,"column":69}},"43":{"start":{"line":44,"column":0},"end":{"line":44,"column":42}},"44":{"start":{"line":45,"column":0},"end":{"line":45,"column":12}},"45":{"start":{"line":46,"column":0},"end":{"line":46,"column":11}},"46":{"start":{"line":47,"column":0},"end":{"line":47,"column":68}},"47":{"start":{"line":48,"column":0},"end":{"line":48,"column":17}},"48":{"start":{"line":49,"column":0},"end":{"line":49,"column":18}},"49":{"start":{"line":50,"column":0},"end":{"line":50,"column":8}},"51":{"start":{"line":52,"column":0},"end":{"line":52,"column":3}},"52":{"start":{"line":53,"column":0},"end":{"line":53,"column":1}},"53":{"start":{"line":54,"column":0},"end":{"line":54,"column":29}}},"s":{"0":1,"6":1,"7":1,"8":1,"9":1,"10":1,"11":1,"12":1,"13":1,"14":1,"15":1,"16":1,"17":1,"18":1,"19":1,"20":1,"21":1,"22":1,"23":1,"24":1,"25":1,"26":1,"27":1,"28":1,"29":1,"30":1,"31":1,"32":1,"33":1,"41":1,"42":1,"43":29,"44":29,"45":29,"46":29,"47":29,"48":29,"49":29,"51":29,"52":1,"53":1},"branchMap":{"0":{"type":"branch","line":43,"loc":{"start":{"line":43,"column":2},"end":{"line":52,"column":3}},"locations":[{"start":{"line":43,"column":2},"end":{"line":52,"column":3}}]},"1":{"type":"branch","line":44,"loc":{"start":{"line":44,"column":17},"end":{"line":44,"column":34}},"locations":[{"start":{"line":44,"column":17},"end":{"line":44,"column":34}}]}},"b":{"0":[29],"1":[0]},"fnMap":{},"f":{}}
,"/Users/pranay/Documents/ondorealestatewebsite/lib/accessibility.ts": {"path":"/Users/pranay/Documents/ondorealestatewebsite/lib/accessibility.ts","all":false,"statementMap":{"2":{"start":{"line":3,"column":0},"end":{"line":3,"column":30}},"4":{"start":{"line":5,"column":0},"end":{"line":5,"column":42}},"5":{"start":{"line":6,"column":0},"end":{"line":6,"column":65}},"6":{"start":{"line":7,"column":0},"end":{"line":7,"column":4}},"9":{"start":{"line":10,"column":0},"end":{"line":10,"column":93}},"10":{"start":{"line":11,"column":0},"end":{"line":11,"column":40}},"11":{"start":{"line":12,"column":0},"end":{"line":12,"column":56}},"12":{"start":{"line":13,"column":0},"end":{"line":13,"column":54}},"13":{"start":{"line":14,"column":0},"end":{"line":14,"column":54}},"14":{"start":{"line":15,"column":0},"end":{"line":15,"column":40}},"15":{"start":{"line":16,"column":0},"end":{"line":16,"column":40}},"17":{"start":{"line":18,"column":0},"end":{"line":18,"column":45}},"20":{"start":{"line":21,"column":0},"end":{"line":21,"column":24}},"21":{"start":{"line":22,"column":0},"end":{"line":22,"column":47}},"22":{"start":{"line":23,"column":0},"end":{"line":23,"column":14}},"23":{"start":{"line":24,"column":0},"end":{"line":24,"column":5}},"24":{"start":{"line":25,"column":0},"end":{"line":25,"column":4}},"27":{"start":{"line":28,"column":0},"end":{"line":28,"column":10}},"29":{"start":{"line":30,"column":0},"end":{"line":30,"column":45}},"30":{"start":{"line":31,"column":0},"end":{"line":31,"column":59}},"31":{"start":{"line":32,"column":0},"end":{"line":32,"column":82}},"32":{"start":{"line":33,"column":0},"end":{"line":33,"column":7}},"33":{"start":{"line":34,"column":0},"end":{"line":34,"column":62}},"34":{"start":{"line":35,"column":0},"end":{"line":35,"column":25}},"35":{"start":{"line":36,"column":0},"end":{"line":36,"column":28}},"36":{"start":{"line":37,"column":0},"end":{"line":37,"column":7}},"37":{"start":{"line":38,"column":0},"end":{"line":38,"column":6}},"40":{"start":{"line":41,"column":0},"end":{"line":41,"column":44}},"41":{"start":{"line":42,"column":0},"end":{"line":42,"column":59}},"42":{"start":{"line":43,"column":0},"end":{"line":43,"column":82}},"43":{"start":{"line":44,"column":0},"end":{"line":44,"column":7}},"44":{"start":{"line":45,"column":0},"end":{"line":45,"column":88}},"45":{"start":{"line":46,"column":0},"end":{"line":46,"column":24}},"46":{"start":{"line":47,"column":0},"end":{"line":47,"column":27}},"47":{"start":{"line":48,"column":0},"end":{"line":48,"column":7}},"48":{"start":{"line":49,"column":0},"end":{"line":49,"column":6}},"51":{"start":{"line":52,"column":0},"end":{"line":52,"column":44}},"52":{"start":{"line":53,"column":0},"end":{"line":53,"column":59}},"53":{"start":{"line":54,"column":0},"end":{"line":54,"column":82}},"54":{"start":{"line":55,"column":0},"end":{"line":55,"column":7}},"55":{"start":{"line":56,"column":0},"end":{"line":56,"column":62}},"56":{"start":{"line":57,"column":0},"end":{"line":57,"column":88}},"58":{"start":{"line":59,"column":0},"end":{"line":59,"column":50}},"59":{"start":{"line":60,"column":0},"end":{"line":60,"column":30}},"60":{"start":{"line":61,"column":0},"end":{"line":61,"column":27}},"61":{"start":{"line":62,"column":0},"end":{"line":62,"column":58}},"62":{"start":{"line":63,"column":0},"end":{"line":63,"column":33}},"63":{"start":{"line":64,"column":0},"end":{"line":64,"column":32}},"64":{"start":{"line":65,"column":0},"end":{"line":65,"column":13}},"65":{"start":{"line":66,"column":0},"end":{"line":66,"column":18}},"66":{"start":{"line":67,"column":0},"end":{"line":67,"column":57}},"67":{"start":{"line":68,"column":0},"end":{"line":68,"column":34}},"68":{"start":{"line":69,"column":0},"end":{"line":69,"column":32}},"69":{"start":{"line":70,"column":0},"end":{"line":70,"column":13}},"70":{"start":{"line":71,"column":0},"end":{"line":71,"column":11}},"71":{"start":{"line":72,"column":0},"end":{"line":72,"column":9}},"72":{"start":{"line":73,"column":0},"end":{"line":73,"column":7}},"74":{"start":{"line":75,"column":0},"end":{"line":75,"column":57}},"76":{"start":{"line":77,"column":0},"end":{"line":77,"column":20}},"77":{"start":{"line":78,"column":0},"end":{"line":78,"column":62}},"78":{"start":{"line":79,"column":0},"end":{"line":79,"column":7}},"79":{"start":{"line":80,"column":0},"end":{"line":80,"column":6}},"80":{"start":{"line":81,"column":0},"end":{"line":81,"column":4}},"83":{"start":{"line":84,"column":0},"end":{"line":84,"column":13}},"85":{"start":{"line":86,"column":0},"end":{"line":86,"column":56}},"86":{"start":{"line":87,"column":0},"end":{"line":87,"column":47}},"87":{"start":{"line":88,"column":0},"end":{"line":88,"column":19}},"88":{"start":{"line":89,"column":0},"end":{"line":89,"column":76}},"89":{"start":{"line":90,"column":0},"end":{"line":90,"column":8}},"90":{"start":{"line":91,"column":0},"end":{"line":91,"column":52}},"91":{"start":{"line":92,"column":0},"end":{"line":92,"column":6}},"94":{"start":{"line":95,"column":0},"end":{"line":95,"column":95}},"95":{"start":{"line":96,"column":0},"end":{"line":96,"column":65}},"96":{"start":{"line":97,"column":0},"end":{"line":97,"column":65}},"97":{"start":{"line":98,"column":0},"end":{"line":98,"column":44}},"98":{"start":{"line":99,"column":0},"end":{"line":99,"column":42}},"99":{"start":{"line":100,"column":0},"end":{"line":100,"column":50}},"100":{"start":{"line":101,"column":0},"end":{"line":101,"column":6}},"103":{"start":{"line":104,"column":0},"end":{"line":104,"column":90}},"104":{"start":{"line":105,"column":0},"end":{"line":105,"column":75}},"105":{"start":{"line":106,"column":0},"end":{"line":106,"column":61}},"106":{"start":{"line":107,"column":0},"end":{"line":107,"column":6}},"107":{"start":{"line":108,"column":0},"end":{"line":108,"column":4}},"110":{"start":{"line":111,"column":0},"end":{"line":111,"column":13}},"112":{"start":{"line":113,"column":0},"end":{"line":113,"column":28}},"113":{"start":{"line":114,"column":0},"end":{"line":114,"column":27}},"114":{"start":{"line":115,"column":0},"end":{"line":115,"column":27}},"115":{"start":{"line":116,"column":0},"end":{"line":116,"column":27}},"116":{"start":{"line":117,"column":0},"end":{"line":117,"column":57}},"117":{"start":{"line":118,"column":0},"end":{"line":118,"column":10}},"118":{"start":{"line":119,"column":0},"end":{"line":119,"column":51}},"119":{"start":{"line":120,"column":0},"end":{"line":120,"column":55}},"121":{"start":{"line":122,"column":0},"end":{"line":122,"column":81}},"122":{"start":{"line":123,"column":0},"end":{"line":123,"column":30}},"123":{"start":{"line":124,"column":0},"end":{"line":124,"column":58}},"124":{"start":{"line":125,"column":0},"end":{"line":125,"column":90}},"125":{"start":{"line":126,"column":0},"end":{"line":126,"column":32}},"126":{"start":{"line":127,"column":0},"end":{"line":127,"column":23}},"127":{"start":{"line":128,"column":0},"end":{"line":128,"column":7}},"129":{"start":{"line":130,"column":0},"end":{"line":130,"column":86}},"130":{"start":{"line":131,"column":0},"end":{"line":131,"column":30}},"131":{"start":{"line":132,"column":0},"end":{"line":132,"column":60}},"132":{"start":{"line":133,"column":0},"end":{"line":133,"column":90}},"133":{"start":{"line":134,"column":0},"end":{"line":134,"column":32}},"134":{"start":{"line":135,"column":0},"end":{"line":135,"column":23}},"135":{"start":{"line":136,"column":0},"end":{"line":136,"column":7}},"137":{"start":{"line":138,"column":0},"end":{"line":138,"column":25}},"138":{"start":{"line":139,"column":0},"end":{"line":139,"column":6}},"141":{"start":{"line":142,"column":0},"end":{"line":142,"column":71}},"142":{"start":{"line":143,"column":0},"end":{"line":143,"column":55}},"143":{"start":{"line":144,"column":0},"end":{"line":144,"column":30}},"144":{"start":{"line":145,"column":0},"end":{"line":145,"column":18}},"145":{"start":{"line":146,"column":0},"end":{"line":146,"column":7}},"146":{"start":{"line":147,"column":0},"end":{"line":147,"column":6}},"147":{"start":{"line":148,"column":0},"end":{"line":148,"column":4}},"150":{"start":{"line":151,"column":0},"end":{"line":151,"column":17}},"152":{"start":{"line":153,"column":0},"end":{"line":153,"column":53}},"153":{"start":{"line":154,"column":0},"end":{"line":154,"column":49}},"154":{"start":{"line":155,"column":0},"end":{"line":155,"column":6}},"157":{"start":{"line":158,"column":0},"end":{"line":158,"column":51}},"158":{"start":{"line":159,"column":0},"end":{"line":159,"column":44}},"159":{"start":{"line":160,"column":0},"end":{"line":160,"column":6}},"162":{"start":{"line":163,"column":0},"end":{"line":163,"column":47}},"163":{"start":{"line":164,"column":0},"end":{"line":164,"column":52}},"164":{"start":{"line":165,"column":0},"end":{"line":165,"column":35}},"165":{"start":{"line":166,"column":0},"end":{"line":166,"column":32}},"166":{"start":{"line":167,"column":0},"end":{"line":167,"column":20}},"167":{"start":{"line":168,"column":0},"end":{"line":168,"column":6}},"168":{"start":{"line":169,"column":0},"end":{"line":169,"column":4}},"169":{"start":{"line":170,"column":0},"end":{"line":170,"column":1}},"172":{"start":{"line":173,"column":0},"end":{"line":173,"column":21}},"174":{"start":{"line":175,"column":0},"end":{"line":175,"column":84}},"175":{"start":{"line":176,"column":0},"end":{"line":176,"column":7}},"176":{"start":{"line":177,"column":0},"end":{"line":177,"column":24}},"177":{"start":{"line":178,"column":0},"end":{"line":178,"column":84}},"178":{"start":{"line":179,"column":0},"end":{"line":179,"column":22}},"179":{"start":{"line":180,"column":0},"end":{"line":180,"column":30}},"180":{"start":{"line":181,"column":0},"end":{"line":181,"column":28}},"181":{"start":{"line":182,"column":0},"end":{"line":182,"column":5}},"184":{"start":{"line":185,"column":0},"end":{"line":185,"column":70}},"185":{"start":{"line":186,"column":0},"end":{"line":186,"column":24}},"186":{"start":{"line":187,"column":0},"end":{"line":187,"column":28}},"187":{"start":{"line":188,"column":0},"end":{"line":188,"column":30}},"188":{"start":{"line":189,"column":0},"end":{"line":189,"column":5}},"191":{"start":{"line":192,"column":0},"end":{"line":192,"column":42}},"192":{"start":{"line":193,"column":0},"end":{"line":193,"column":7}},"193":{"start":{"line":194,"column":0},"end":{"line":194,"column":19}},"194":{"start":{"line":195,"column":0},"end":{"line":195,"column":25}},"195":{"start":{"line":196,"column":0},"end":{"line":196,"column":37}},"196":{"start":{"line":197,"column":0},"end":{"line":197,"column":44}},"197":{"start":{"line":198,"column":0},"end":{"line":198,"column":5}},"198":{"start":{"line":199,"column":0},"end":{"line":199,"column":1}},"200":{"start":{"line":201,"column":0},"end":{"line":201,"column":28}}},"s":{"2":1,"4":1,"5":2,"6":2,"9":1,"10":2,"11":2,"12":2,"13":2,"14":2,"15":2,"17":2,"20":2,"21":1,"22":2,"23":2,"24":2,"27":1,"29":1,"30":1,"31":1,"32":1,"33":1,"34":1,"35":1,"36":1,"37":1,"40":1,"41":1,"42":1,"43":1,"44":1,"45":1,"46":1,"47":1,"48":1,"51":1,"52":3,"53":3,"54":3,"55":3,"56":3,"58":3,"59":2,"60":2,"61":1,"62":1,"63":1,"64":1,"65":1,"66":1,"67":1,"68":1,"69":1,"70":1,"71":2,"72":2,"74":3,"76":3,"77":1,"78":1,"79":3,"80":1,"83":1,"85":1,"86":5,"87":15,"88":15,"89":5,"90":5,"91":5,"94":1,"95":2,"96":2,"97":2,"98":2,"99":2,"100":2,"103":1,"104":1,"105":1,"106":1,"107":1,"110":1,"112":1,"113":3,"114":3,"115":3,"116":3,"117":3,"118":3,"119":3,"121":3,"122":1,"123":1,"124":1,"125":1,"126":1,"127":1,"129":3,"130":1,"131":1,"132":1,"133":1,"134":1,"135":1,"137":1,"138":3,"141":1,"142":2,"143":2,"144":2,"145":2,"146":2,"147":1,"150":1,"152":1,"153":1,"154":1,"157":1,"158":1,"159":1,"162":1,"163":1,"164":1,"165":1,"166":1,"167":1,"168":1,"169":1,"172":1,"174":1,"175":3,"176":3,"177":3,"178":3,"179":3,"180":3,"181":3,"184":1,"185":1,"186":1,"187":1,"188":1,"191":1,"192":1,"193":1,"194":1,"195":1,"196":1,"197":1,"198":1,"200":1},"branchMap":{"0":{"type":"branch","line":5,"loc":{"start":{"line":5,"column":14},"end":{"line":7,"column":4}},"locations":[{"start":{"line":5,"column":14},"end":{"line":7,"column":4}}]},"1":{"type":"branch","line":10,"loc":{"start":{"line":10,"column":26},"end":{"line":25,"column":4}},"locations":[{"start":{"line":10,"column":26},"end":{"line":25,"column":4}}]},"2":{"type":"branch","line":21,"loc":{"start":{"line":21,"column":17},"end":{"line":23,"column":9}},"locations":[{"start":{"line":21,"column":17},"end":{"line":23,"column":9}}]},"3":{"type":"branch","line":30,"loc":{"start":{"line":30,"column":16},"end":{"line":38,"column":6}},"locations":[{"start":{"line":30,"column":16},"end":{"line":38,"column":6}}]},"4":{"type":"branch","line":41,"loc":{"start":{"line":41,"column":15},"end":{"line":49,"column":6}},"locations":[{"start":{"line":41,"column":15},"end":{"line":49,"column":6}}]},"5":{"type":"branch","line":52,"loc":{"start":{"line":52,"column":15},"end":{"line":80,"column":6}},"locations":[{"start":{"line":52,"column":15},"end":{"line":80,"column":6}}]},"6":{"type":"branch","line":59,"loc":{"start":{"line":59,"column":27},"end":{"line":73,"column":7}},"locations":[{"start":{"line":59,"column":27},"end":{"line":73,"column":7}}]},"7":{"type":"branch","line":61,"loc":{"start":{"line":61,"column":26},"end":{"line":71,"column":11}},"locations":[{"start":{"line":61,"column":26},"end":{"line":71,"column":11}}]},"8":{"type":"branch","line":77,"loc":{"start":{"line":77,"column":13},"end":{"line":79,"column":7}},"locations":[{"start":{"line":77,"column":13},"end":{"line":79,"column":7}}]},"9":{"type":"branch","line":86,"loc":{"start":{"line":86,"column":18},"end":{"line":92,"column":6}},"locations":[{"start":{"line":86,"column":18},"end":{"line":92,"column":6}}]},"10":{"type":"branch","line":87,"loc":{"start":{"line":87,"column":41},"end":{"line":90,"column":7}},"locations":[{"start":{"line":87,"column":41},"end":{"line":90,"column":7}}]},"11":{"type":"branch","line":89,"loc":{"start":{"line":89,"column":20},"end":{"line":89,"column":42}},"locations":[{"start":{"line":89,"column":20},"end":{"line":89,"column":42}}]},"12":{"type":"branch","line":89,"loc":{"start":{"line":89,"column":34},"end":{"line":89,"column":76}},"locations":[{"start":{"line":89,"column":34},"end":{"line":89,"column":76}}]},"13":{"type":"branch","line":95,"loc":{"start":{"line":95,"column":22},"end":{"line":101,"column":6}},"locations":[{"start":{"line":95,"column":22},"end":{"line":101,"column":6}}]},"14":{"type":"branch","line":104,"loc":{"start":{"line":104,"column":17},"end":{"line":107,"column":6}},"locations":[{"start":{"line":104,"column":17},"end":{"line":107,"column":6}}]},"15":{"type":"branch","line":113,"loc":{"start":{"line":113,"column":27},"end":{"line":139,"column":6}},"locations":[{"start":{"line":113,"column":27},"end":{"line":139,"column":6}}]},"16":{"type":"branch","line":122,"loc":{"start":{"line":122,"column":10},"end":{"line":122,"column":80}},"locations":[{"start":{"line":122,"column":10},"end":{"line":122,"column":80}}]},"17":{"type":"branch","line":122,"loc":{"start":{"line":122,"column":80},"end":{"line":128,"column":7}},"locations":[{"start":{"line":122,"column":80},"end":{"line":128,"column":7}}]},"18":{"type":"branch","line":124,"loc":{"start":{"line":124,"column":40},"end":{"line":124,"column":57}},"locations":[{"start":{"line":124,"column":40},"end":{"line":124,"column":57}}]},"19":{"type":"branch","line":128,"loc":{"start":{"line":128,"column":6},"end":{"line":130,"column":27}},"locations":[{"start":{"line":128,"column":6},"end":{"line":130,"column":27}}]},"20":{"type":"branch","line":130,"loc":{"start":{"line":130,"column":10},"end":{"line":130,"column":85}},"locations":[{"start":{"line":130,"column":10},"end":{"line":130,"column":85}}]},"21":{"type":"branch","line":130,"loc":{"start":{"line":130,"column":85},"end":{"line":138,"column":25}},"locations":[{"start":{"line":130,"column":85},"end":{"line":138,"column":25}}]},"22":{"type":"branch","line":132,"loc":{"start":{"line":132,"column":40},"end":{"line":132,"column":59}},"locations":[{"start":{"line":132,"column":40},"end":{"line":132,"column":59}}]},"23":{"type":"branch","line":142,"loc":{"start":{"line":142,"column":22},"end":{"line":147,"column":6}},"locations":[{"start":{"line":142,"column":22},"end":{"line":147,"column":6}}]},"24":{"type":"branch","line":143,"loc":{"start":{"line":143,"column":24},"end":{"line":143,"column":54}},"locations":[{"start":{"line":143,"column":24},"end":{"line":143,"column":54}}]},"25":{"type":"branch","line":153,"loc":{"start":{"line":153,"column":26},"end":{"line":155,"column":6}},"locations":[{"start":{"line":153,"column":26},"end":{"line":155,"column":6}}]},"26":{"type":"branch","line":158,"loc":{"start":{"line":158,"column":24},"end":{"line":160,"column":6}},"locations":[{"start":{"line":158,"column":24},"end":{"line":160,"column":6}}]},"27":{"type":"branch","line":163,"loc":{"start":{"line":163,"column":28},"end":{"line":168,"column":6}},"locations":[{"start":{"line":163,"column":28},"end":{"line":168,"column":6}}]},"28":{"type":"branch","line":175,"loc":{"start":{"line":175,"column":13},"end":{"line":182,"column":5}},"locations":[{"start":{"line":175,"column":13},"end":{"line":182,"column":5}}]},"29":{"type":"branch","line":178,"loc":{"start":{"line":178,"column":25},"end":{"line":178,"column":61}},"locations":[{"start":{"line":178,"column":25},"end":{"line":178,"column":61}}]},"30":{"type":"branch","line":178,"loc":{"start":{"line":178,"column":61},"end":{"line":178,"column":83}},"locations":[{"start":{"line":178,"column":61},"end":{"line":178,"column":83}}]},"31":{"type":"branch","line":180,"loc":{"start":{"line":180,"column":15},"end":{"line":180,"column":30}},"locations":[{"start":{"line":180,"column":15},"end":{"line":180,"column":30}}]},"32":{"type":"branch","line":185,"loc":{"start":{"line":185,"column":10},"end":{"line":189,"column":5}},"locations":[{"start":{"line":185,"column":10},"end":{"line":189,"column":5}}]},"33":{"type":"branch","line":192,"loc":{"start":{"line":192,"column":9},"end":{"line":198,"column":5}},"locations":[{"start":{"line":192,"column":9},"end":{"line":198,"column":5}}]}},"b":{"0":[2],"1":[2],"2":[1],"3":[1],"4":[1],"5":[3],"6":[2],"7":[1],"8":[1],"9":[5],"10":[15],"11":[6],"12":[9],"13":[2],"14":[1],"15":[3],"16":[2],"17":[1],"18":[0],"19":[2],"20":[1],"21":[1],"22":[0],"23":[2],"24":[1],"25":[1],"26":[1],"27":[1],"28":[3],"29":[1],"30":[2],"31":[1],"32":[1],"33":[1]},"fnMap":{"0":{"name":"generateId","decl":{"start":{"line":5,"column":14},"end":{"line":7,"column":4}},"loc":{"start":{"line":5,"column":14},"end":{"line":7,"column":4}},"line":5},"1":{"name":"announceToScreenReader","decl":{"start":{"line":10,"column":26},"end":{"line":25,"column":4}},"loc":{"start":{"line":10,"column":26},"end":{"line":25,"column":4}},"line":10},"2":{"name":"focusFirst","decl":{"start":{"line":30,"column":16},"end":{"line":38,"column":6}},"loc":{"start":{"line":30,"column":16},"end":{"line":38,"column":6}},"line":30},"3":{"name":"focusLast","decl":{"start":{"line":41,"column":15},"end":{"line":49,"column":6}},"loc":{"start":{"line":41,"column":15},"end":{"line":49,"column":6}},"line":41},"4":{"name":"trapFocus","decl":{"start":{"line":52,"column":15},"end":{"line":80,"column":6}},"loc":{"start":{"line":52,"column":15},"end":{"line":80,"column":6}},"line":52},"5":{"name":"handleTabKey","decl":{"start":{"line":59,"column":27},"end":{"line":73,"column":7}},"loc":{"start":{"line":59,"column":27},"end":{"line":73,"column":7}},"line":59},"6":{"name":"getLuminance","decl":{"start":{"line":86,"column":18},"end":{"line":92,"column":6}},"loc":{"start":{"line":86,"column":18},"end":{"line":92,"column":6}},"line":86},"7":{"name":"getContrastRatio","decl":{"start":{"line":95,"column":22},"end":{"line":101,"column":6}},"loc":{"start":{"line":95,"column":22},"end":{"line":101,"column":6}},"line":95},"8":{"name":"meetsWCAGAA","decl":{"start":{"line":104,"column":17},"end":{"line":107,"column":6}},"loc":{"start":{"line":104,"column":17},"end":{"line":107,"column":6}},"line":104},"9":{"name":"handleArrowNavigation","decl":{"start":{"line":113,"column":27},"end":{"line":139,"column":6}},"loc":{"start":{"line":113,"column":27},"end":{"line":139,"column":6}},"line":113},"10":{"name":"handleActivation","decl":{"start":{"line":142,"column":22},"end":{"line":147,"column":6}},"loc":{"start":{"line":142,"column":22},"end":{"line":147,"column":6}},"line":142},"11":{"name":"hideFromScreenReader","decl":{"start":{"line":153,"column":26},"end":{"line":155,"column":6}},"loc":{"start":{"line":153,"column":26},"end":{"line":155,"column":6}},"line":153},"12":{"name":"showToScreenReader","decl":{"start":{"line":158,"column":24},"end":{"line":160,"column":6}},"loc":{"start":{"line":158,"column":24},"end":{"line":160,"column":6}},"line":158},"13":{"name":"createScreenReaderText","decl":{"start":{"line":163,"column":28},"end":{"line":168,"column":6}},"loc":{"start":{"line":163,"column":28},"end":{"line":168,"column":6}},"line":163},"14":{"name":"formField","decl":{"start":{"line":175,"column":13},"end":{"line":182,"column":5}},"loc":{"start":{"line":175,"column":13},"end":{"line":182,"column":5}},"line":175},"15":{"name":"button","decl":{"start":{"line":185,"column":10},"end":{"line":189,"column":5}},"loc":{"start":{"line":185,"column":10},"end":{"line":189,"column":5}},"line":185},"16":{"name":"modal","decl":{"start":{"line":192,"column":9},"end":{"line":198,"column":5}},"loc":{"start":{"line":192,"column":9},"end":{"line":198,"column":5}},"line":192}},"f":{"0":2,"1":2,"2":1,"3":1,"4":3,"5":2,"6":5,"7":2,"8":1,"9":3,"10":2,"11":1,"12":1,"13":1,"14":3,"15":1,"16":1}}
,"/Users/pranay/Documents/ondorealestatewebsite/lib/analytics.ts": {"path":"/Users/pranay/Documents/ondorealestatewebsite/lib/analytics.ts","all":false,"statementMap":{"2":{"start":{"line":3,"column":0},"end":{"line":3,"column":26}},"4":{"start":{"line":5,"column":0},"end":{"line":5,"column":51}},"5":{"start":{"line":6,"column":0},"end":{"line":6,"column":55}},"6":{"start":{"line":7,"column":0},"end":{"line":7,"column":45}},"7":{"start":{"line":8,"column":0},"end":{"line":8,"column":26}},"8":{"start":{"line":9,"column":0},"end":{"line":9,"column":27}},"9":{"start":{"line":10,"column":0},"end":{"line":10,"column":8}},"10":{"start":{"line":11,"column":0},"end":{"line":11,"column":5}},"11":{"start":{"line":12,"column":0},"end":{"line":12,"column":4}},"14":{"start":{"line":15,"column":0},"end":{"line":15,"column":85}},"15":{"start":{"line":16,"column":0},"end":{"line":16,"column":55}},"16":{"start":{"line":17,"column":0},"end":{"line":17,"column":36}},"17":{"start":{"line":18,"column":0},"end":{"line":18,"column":33}},"18":{"start":{"line":19,"column":0},"end":{"line":19,"column":27}},"19":{"start":{"line":20,"column":0},"end":{"line":20,"column":21}},"20":{"start":{"line":21,"column":0},"end":{"line":21,"column":8}},"21":{"start":{"line":22,"column":0},"end":{"line":22,"column":5}},"22":{"start":{"line":23,"column":0},"end":{"line":23,"column":4}},"25":{"start":{"line":26,"column":0},"end":{"line":26,"column":71}},"26":{"start":{"line":27,"column":0},"end":{"line":27,"column":25}},"27":{"start":{"line":28,"column":0},"end":{"line":28,"column":60}},"28":{"start":{"line":29,"column":0},"end":{"line":29,"column":25}},"29":{"start":{"line":30,"column":0},"end":{"line":30,"column":14}},"30":{"start":{"line":31,"column":0},"end":{"line":31,"column":5}},"31":{"start":{"line":32,"column":0},"end":{"line":32,"column":4}},"34":{"start":{"line":35,"column":0},"end":{"line":35,"column":68}},"35":{"start":{"line":36,"column":0},"end":{"line":36,"column":79}},"36":{"start":{"line":37,"column":0},"end":{"line":37,"column":4}},"39":{"start":{"line":40,"column":0},"end":{"line":40,"column":57}},"40":{"start":{"line":41,"column":0},"end":{"line":41,"column":77}},"41":{"start":{"line":42,"column":0},"end":{"line":42,"column":4}},"44":{"start":{"line":45,"column":0},"end":{"line":45,"column":65}},"45":{"start":{"line":46,"column":0},"end":{"line":46,"column":68}},"46":{"start":{"line":47,"column":0},"end":{"line":47,"column":21}},"47":{"start":{"line":48,"column":0},"end":{"line":48,"column":74}},"48":{"start":{"line":49,"column":0},"end":{"line":49,"column":5}},"49":{"start":{"line":50,"column":0},"end":{"line":50,"column":4}},"52":{"start":{"line":53,"column":0},"end":{"line":53,"column":86}},"53":{"start":{"line":54,"column":0},"end":{"line":54,"column":84}},"54":{"start":{"line":55,"column":0},"end":{"line":55,"column":4}},"57":{"start":{"line":58,"column":0},"end":{"line":58,"column":57}},"58":{"start":{"line":59,"column":0},"end":{"line":59,"column":60}},"59":{"start":{"line":60,"column":0},"end":{"line":60,"column":4}},"60":{"start":{"line":61,"column":0},"end":{"line":61,"column":1}},"70":{"start":{"line":71,"column":0},"end":{"line":71,"column":36}},"72":{"start":{"line":73,"column":0},"end":{"line":73,"column":48}},"73":{"start":{"line":74,"column":0},"end":{"line":74,"column":55}},"74":{"start":{"line":75,"column":0},"end":{"line":75,"column":41}},"75":{"start":{"line":76,"column":0},"end":{"line":76,"column":37}},"76":{"start":{"line":77,"column":0},"end":{"line":77,"column":31}},"77":{"start":{"line":78,"column":0},"end":{"line":78,"column":86}},"78":{"start":{"line":79,"column":0},"end":{"line":79,"column":30}},"79":{"start":{"line":80,"column":0},"end":{"line":80,"column":8}},"80":{"start":{"line":81,"column":0},"end":{"line":81,"column":5}},"81":{"start":{"line":82,"column":0},"end":{"line":82,"column":4}},"84":{"start":{"line":85,"column":0},"end":{"line":85,"column":40}},"85":{"start":{"line":86,"column":0},"end":{"line":86,"column":55}},"86":{"start":{"line":87,"column":0},"end":{"line":87,"column":46}},"87":{"start":{"line":88,"column":0},"end":{"line":88,"column":38}},"88":{"start":{"line":89,"column":0},"end":{"line":89,"column":36}},"89":{"start":{"line":90,"column":0},"end":{"line":90,"column":30}},"90":{"start":{"line":91,"column":0},"end":{"line":91,"column":8}},"91":{"start":{"line":92,"column":0},"end":{"line":92,"column":5}},"92":{"start":{"line":93,"column":0},"end":{"line":93,"column":4}},"93":{"start":{"line":94,"column":0},"end":{"line":94,"column":1}},"96":{"start":{"line":97,"column":0},"end":{"line":97,"column":34}},"98":{"start":{"line":99,"column":0},"end":{"line":99,"column":87}},"99":{"start":{"line":100,"column":0},"end":{"line":100,"column":55}},"100":{"start":{"line":101,"column":0},"end":{"line":101,"column":41}},"101":{"start":{"line":102,"column":0},"end":{"line":102,"column":24}},"102":{"start":{"line":103,"column":0},"end":{"line":103,"column":21}},"103":{"start":{"line":104,"column":0},"end":{"line":104,"column":17}},"104":{"start":{"line":105,"column":0},"end":{"line":105,"column":30}},"105":{"start":{"line":106,"column":0},"end":{"line":106,"column":34}},"106":{"start":{"line":107,"column":0},"end":{"line":107,"column":34}},"107":{"start":{"line":108,"column":0},"end":{"line":108,"column":23}},"108":{"start":{"line":109,"column":0},"end":{"line":109,"column":10}},"109":{"start":{"line":110,"column":0},"end":{"line":110,"column":8}},"110":{"start":{"line":111,"column":0},"end":{"line":111,"column":5}},"111":{"start":{"line":112,"column":0},"end":{"line":112,"column":4}},"114":{"start":{"line":115,"column":0},"end":{"line":115,"column":89}},"115":{"start":{"line":116,"column":0},"end":{"line":116,"column":55}},"116":{"start":{"line":117,"column":0},"end":{"line":117,"column":40}},"117":{"start":{"line":118,"column":0},"end":{"line":118,"column":45}},"118":{"start":{"line":119,"column":0},"end":{"line":119,"column":25}},"119":{"start":{"line":120,"column":0},"end":{"line":120,"column":24}},"120":{"start":{"line":121,"column":0},"end":{"line":121,"column":17}},"121":{"start":{"line":122,"column":0},"end":{"line":122,"column":30}},"122":{"start":{"line":123,"column":0},"end":{"line":123,"column":34}},"123":{"start":{"line":124,"column":0},"end":{"line":124,"column":39}},"124":{"start":{"line":125,"column":0},"end":{"line":125,"column":27}},"125":{"start":{"line":126,"column":0},"end":{"line":126,"column":10}},"126":{"start":{"line":127,"column":0},"end":{"line":127,"column":8}},"127":{"start":{"line":128,"column":0},"end":{"line":128,"column":5}},"128":{"start":{"line":129,"column":0},"end":{"line":129,"column":4}},"129":{"start":{"line":130,"column":0},"end":{"line":130,"column":1}}},"s":{"2":1,"4":1,"5":1,"6":1,"7":1,"8":1,"9":1,"10":1,"11":1,"14":1,"15":9,"16":9,"17":9,"18":9,"19":9,"20":9,"21":9,"22":9,"25":1,"26":2,"27":2,"28":2,"29":2,"30":2,"31":2,"34":1,"35":1,"36":1,"39":1,"40":1,"41":1,"44":1,"45":1,"46":1,"47":1,"48":1,"49":1,"52":1,"53":1,"54":1,"57":1,"58":1,"59":1,"60":1,"70":1,"72":1,"73":1,"74":1,"75":1,"76":1,"77":1,"78":1,"79":1,"80":1,"81":1,"84":1,"85":1,"86":1,"87":1,"88":1,"89":1,"90":1,"91":1,"92":1,"93":1,"96":1,"98":1,"99":1,"100":1,"101":1,"102":1,"103":1,"104":1,"105":1,"106":1,"107":1,"108":1,"109":1,"110":1,"111":1,"114":1,"115":1,"116":1,"117":1,"118":1,"119":1,"120":1,"121":1,"122":1,"123":1,"124":1,"125":1,"126":1,"127":1,"128":1,"129":1},"branchMap":{"0":{"type":"branch","line":5,"loc":{"start":{"line":5,"column":17},"end":{"line":12,"column":4}},"locations":[{"start":{"line":5,"column":17},"end":{"line":12,"column":4}}]},"1":{"type":"branch","line":15,"loc":{"start":{"line":15,"column":14},"end":{"line":23,"column":4}},"locations":[{"start":{"line":15,"column":14},"end":{"line":23,"column":4}}]},"2":{"type":"branch","line":26,"loc":{"start":{"line":26,"column":23},"end":{"line":32,"column":4}},"locations":[{"start":{"line":26,"column":23},"end":{"line":32,"column":4}}]},"3":{"type":"branch","line":28,"loc":{"start":{"line":28,"column":6},"end":{"line":28,"column":40}},"locations":[{"start":{"line":28,"column":6},"end":{"line":28,"column":40}}]},"4":{"type":"branch","line":28,"loc":{"start":{"line":28,"column":16},"end":{"line":28,"column":60}},"locations":[{"start":{"line":28,"column":16},"end":{"line":28,"column":60}}]},"5":{"type":"branch","line":35,"loc":{"start":{"line":35,"column":21},"end":{"line":37,"column":4}},"locations":[{"start":{"line":35,"column":21},"end":{"line":37,"column":4}}]},"6":{"type":"branch","line":40,"loc":{"start":{"line":40,"column":15},"end":{"line":42,"column":4}},"locations":[{"start":{"line":40,"column":15},"end":{"line":42,"column":4}}]},"7":{"type":"branch","line":45,"loc":{"start":{"line":45,"column":23},"end":{"line":50,"column":4}},"locations":[{"start":{"line":45,"column":23},"end":{"line":50,"column":4}}]},"8":{"type":"branch","line":53,"loc":{"start":{"line":53,"column":24},"end":{"line":55,"column":4}},"locations":[{"start":{"line":53,"column":24},"end":{"line":55,"column":4}}]},"9":{"type":"branch","line":58,"loc":{"start":{"line":58,"column":19},"end":{"line":60,"column":4}},"locations":[{"start":{"line":58,"column":19},"end":{"line":60,"column":4}}]},"10":{"type":"branch","line":73,"loc":{"start":{"line":73,"column":18},"end":{"line":82,"column":4}},"locations":[{"start":{"line":73,"column":18},"end":{"line":82,"column":4}}]},"11":{"type":"branch","line":78,"loc":{"start":{"line":78,"column":65},"end":{"line":78,"column":84}},"locations":[{"start":{"line":78,"column":65},"end":{"line":78,"column":84}}]},"12":{"type":"branch","line":85,"loc":{"start":{"line":85,"column":17},"end":{"line":93,"column":4}},"locations":[{"start":{"line":85,"column":17},"end":{"line":93,"column":4}}]},"13":{"type":"branch","line":99,"loc":{"start":{"line":99,"column":25},"end":{"line":112,"column":4}},"locations":[{"start":{"line":99,"column":25},"end":{"line":112,"column":4}}]},"14":{"type":"branch","line":115,"loc":{"start":{"line":115,"column":23},"end":{"line":129,"column":4}},"locations":[{"start":{"line":115,"column":23},"end":{"line":129,"column":4}}]}},"b":{"0":[1],"1":[9],"2":[2],"3":[1],"4":[1],"5":[1],"6":[1],"7":[1],"8":[1],"9":[1],"10":[1],"11":[0],"12":[1],"13":[1],"14":[1]},"fnMap":{"0":{"name":"trackPageView","decl":{"start":{"line":5,"column":17},"end":{"line":12,"column":4}},"loc":{"start":{"line":5,"column":17},"end":{"line":12,"column":4}},"line":5},"1":{"name":"trackEvent","decl":{"start":{"line":15,"column":14},"end":{"line":23,"column":4}},"loc":{"start":{"line":15,"column":14},"end":{"line":23,"column":4}},"line":15},"2":{"name":"trackFormSubmission","decl":{"start":{"line":26,"column":23},"end":{"line":32,"column":4}},"loc":{"start":{"line":26,"column":23},"end":{"line":32,"column":4}},"line":26},"3":{"name":"trackPropertyView","decl":{"start":{"line":35,"column":21},"end":{"line":37,"column":4}},"loc":{"start":{"line":35,"column":21},"end":{"line":37,"column":4}},"line":35},"4":{"name":"trackSearch","decl":{"start":{"line":40,"column":15},"end":{"line":42,"column":4}},"loc":{"start":{"line":40,"column":15},"end":{"line":42,"column":4}},"line":40},"5":{"name":"trackLeadGeneration","decl":{"start":{"line":45,"column":23},"end":{"line":50,"column":4}},"loc":{"start":{"line":45,"column":23},"end":{"line":50,"column":4}},"line":45},"6":{"name":"trackCalculatorUsage","decl":{"start":{"line":53,"column":24},"end":{"line":55,"column":4}},"loc":{"start":{"line":53,"column":24},"end":{"line":55,"column":4}},"line":53},"7":{"name":"trackEngagement","decl":{"start":{"line":58,"column":19},"end":{"line":60,"column":4}},"loc":{"start":{"line":58,"column":19},"end":{"line":60,"column":4}},"line":58},"8":{"name":"trackWebVitals","decl":{"start":{"line":73,"column":18},"end":{"line":82,"column":4}},"loc":{"start":{"line":73,"column":18},"end":{"line":82,"column":4}},"line":73},"9":{"name":"trackPageLoad","decl":{"start":{"line":85,"column":17},"end":{"line":93,"column":4}},"loc":{"start":{"line":85,"column":17},"end":{"line":93,"column":4}},"line":85},"10":{"name":"trackPropertyInterest","decl":{"start":{"line":99,"column":25},"end":{"line":112,"column":4}},"loc":{"start":{"line":99,"column":25},"end":{"line":112,"column":4}},"line":99},"11":{"name":"trackLeadConversion","decl":{"start":{"line":115,"column":23},"end":{"line":129,"column":4}},"loc":{"start":{"line":115,"column":23},"end":{"line":129,"column":4}},"line":115}},"f":{"0":1,"1":9,"2":2,"3":1,"4":1,"5":1,"6":1,"7":1,"8":1,"9":1,"10":1,"11":1}}
,"/Users/pranay/Documents/ondorealestatewebsite/lib/backend.ts": {"path":"/Users/pranay/Documents/ondorealestatewebsite/lib/backend.ts","all":false,"statementMap":{"0":{"start":{"line":1,"column":0},"end":{"line":1,"column":76}},"6":{"start":{"line":7,"column":0},"end":{"line":7,"column":39}},"7":{"start":{"line":8,"column":0},"end":{"line":8,"column":70}},"9":{"start":{"line":10,"column":0},"end":{"line":10,"column":46}},"10":{"start":{"line":11,"column":0},"end":{"line":11,"column":59}},"11":{"start":{"line":12,"column":0},"end":{"line":12,"column":77}},"12":{"start":{"line":13,"column":0},"end":{"line":13,"column":49}},"13":{"start":{"line":14,"column":0},"end":{"line":14,"column":1}}},"s":{"0":1,"6":1,"7":1,"9":1,"10":16,"11":16,"12":16,"13":16},"branchMap":{"0":{"type":"branch","line":10,"loc":{"start":{"line":10,"column":7},"end":{"line":14,"column":1}},"locations":[{"start":{"line":10,"column":7},"end":{"line":14,"column":1}}]},"1":{"type":"branch","line":11,"loc":{"start":{"line":11,"column":15},"end":{"line":11,"column":59}},"locations":[{"start":{"line":11,"column":15},"end":{"line":11,"column":59}}]},"2":{"type":"branch","line":12,"loc":{"start":{"line":12,"column":48},"end":{"line":12,"column":63}},"locations":[{"start":{"line":12,"column":48},"end":{"line":12,"column":63}}]},"3":{"type":"branch","line":12,"loc":{"start":{"line":12,"column":52},"end":{"line":12,"column":77}},"locations":[{"start":{"line":12,"column":52},"end":{"line":12,"column":77}}]}},"b":{"0":[16],"1":[0],"2":[15],"3":[1]},"fnMap":{"0":{"name":"backendUrl","decl":{"start":{"line":10,"column":7},"end":{"line":14,"column":1}},"loc":{"start":{"line":10,"column":7},"end":{"line":14,"column":1}},"line":10}},"f":{"0":16}}
,"/Users/pranay/Documents/ondorealestatewebsite/lib/blacklist.ts": {"path":"/Users/pranay/Documents/ondorealestatewebsite/lib/blacklist.ts","all":false,"statementMap":{"0":{"start":{"line":1,"column":0},"end":{"line":1,"column":8}},"9":{"start":{"line":10,"column":0},"end":{"line":10,"column":93}},"10":{"start":{"line":11,"column":0},"end":{"line":11,"column":49}},"15":{"start":{"line":16,"column":0},"end":{"line":16,"column":41}},"16":{"start":{"line":17,"column":0},"end":{"line":17,"column":17}},"17":{"start":{"line":18,"column":0},"end":{"line":18,"column":17}},"18":{"start":{"line":19,"column":0},"end":{"line":19,"column":17}},"19":{"start":{"line":20,"column":0},"end":{"line":20,"column":32}},"20":{"start":{"line":21,"column":0},"end":{"line":21,"column":50}},"23":{"start":{"line":24,"column":0},"end":{"line":24,"column":17}},"24":{"start":{"line":25,"column":0},"end":{"line":25,"column":47}},"25":{"start":{"line":26,"column":0},"end":{"line":26,"column":67}},"26":{"start":{"line":27,"column":0},"end":{"line":27,"column":48}},"27":{"start":{"line":28,"column":0},"end":{"line":28,"column":5}},"28":{"start":{"line":29,"column":0},"end":{"line":29,"column":3}},"30":{"start":{"line":31,"column":0},"end":{"line":31,"column":7}},"31":{"start":{"line":32,"column":0},"end":{"line":32,"column":75}},"32":{"start":{"line":33,"column":0},"end":{"line":33,"column":21}},"33":{"start":{"line":34,"column":0},"end":{"line":34,"column":16}},"34":{"start":{"line":35,"column":0},"end":{"line":35,"column":42}},"35":{"start":{"line":36,"column":0},"end":{"line":36,"column":8}},"36":{"start":{"line":37,"column":0},"end":{"line":37,"column":28}},"37":{"start":{"line":38,"column":0},"end":{"line":38,"column":21}},"38":{"start":{"line":39,"column":0},"end":{"line":39,"column":22}},"39":{"start":{"line":40,"column":0},"end":{"line":40,"column":13}},"40":{"start":{"line":41,"column":0},"end":{"line":41,"column":8}},"41":{"start":{"line":42,"column":0},"end":{"line":42,"column":6}},"43":{"start":{"line":44,"column":0},"end":{"line":44,"column":23}},"45":{"start":{"line":46,"column":0},"end":{"line":46,"column":65}},"46":{"start":{"line":47,"column":0},"end":{"line":47,"column":51}},"47":{"start":{"line":48,"column":0},"end":{"line":48,"column":5}},"49":{"start":{"line":50,"column":0},"end":{"line":50,"column":38}},"50":{"start":{"line":51,"column":0},"end":{"line":51,"column":104}},"53":{"start":{"line":54,"column":0},"end":{"line":54,"column":19}},"54":{"start":{"line":55,"column":0},"end":{"line":55,"column":69}},"55":{"start":{"line":56,"column":0},"end":{"line":56,"column":5}},"57":{"start":{"line":58,"column":0},"end":{"line":58,"column":17}},"58":{"start":{"line":59,"column":0},"end":{"line":59,"column":19}},"59":{"start":{"line":60,"column":0},"end":{"line":60,"column":58}},"61":{"start":{"line":62,"column":0},"end":{"line":62,"column":49}},"62":{"start":{"line":63,"column":0},"end":{"line":63,"column":3}},"63":{"start":{"line":64,"column":0},"end":{"line":64,"column":1}},"68":{"start":{"line":69,"column":0},"end":{"line":69,"column":45}},"69":{"start":{"line":70,"column":0},"end":{"line":70,"column":21}},"70":{"start":{"line":71,"column":0},"end":{"line":71,"column":17}},"71":{"start":{"line":72,"column":0},"end":{"line":72,"column":36}},"72":{"start":{"line":73,"column":0},"end":{"line":73,"column":43}},"75":{"start":{"line":76,"column":0},"end":{"line":76,"column":17}},"76":{"start":{"line":77,"column":0},"end":{"line":77,"column":47}},"77":{"start":{"line":78,"column":0},"end":{"line":78,"column":67}},"78":{"start":{"line":79,"column":0},"end":{"line":79,"column":52}},"79":{"start":{"line":80,"column":0},"end":{"line":80,"column":5}},"80":{"start":{"line":81,"column":0},"end":{"line":81,"column":3}},"82":{"start":{"line":83,"column":0},"end":{"line":83,"column":7}},"83":{"start":{"line":84,"column":0},"end":{"line":84,"column":75}},"84":{"start":{"line":85,"column":0},"end":{"line":85,"column":21}},"85":{"start":{"line":86,"column":0},"end":{"line":86,"column":16}},"86":{"start":{"line":87,"column":0},"end":{"line":87,"column":42}},"87":{"start":{"line":88,"column":0},"end":{"line":88,"column":8}},"88":{"start":{"line":89,"column":0},"end":{"line":89,"column":28}},"89":{"start":{"line":90,"column":0},"end":{"line":90,"column":25}},"90":{"start":{"line":91,"column":0},"end":{"line":91,"column":36}},"91":{"start":{"line":92,"column":0},"end":{"line":92,"column":8}},"92":{"start":{"line":93,"column":0},"end":{"line":93,"column":6}},"94":{"start":{"line":95,"column":0},"end":{"line":95,"column":23}},"95":{"start":{"line":96,"column":0},"end":{"line":96,"column":74}},"96":{"start":{"line":97,"column":0},"end":{"line":97,"column":55}},"97":{"start":{"line":98,"column":0},"end":{"line":98,"column":5}},"99":{"start":{"line":100,"column":0},"end":{"line":100,"column":38}},"100":{"start":{"line":101,"column":0},"end":{"line":101,"column":112}},"103":{"start":{"line":104,"column":0},"end":{"line":104,"column":19}},"104":{"start":{"line":105,"column":0},"end":{"line":105,"column":69}},"105":{"start":{"line":106,"column":0},"end":{"line":106,"column":5}},"107":{"start":{"line":108,"column":0},"end":{"line":108,"column":17}},"108":{"start":{"line":109,"column":0},"end":{"line":109,"column":19}},"109":{"start":{"line":110,"column":0},"end":{"line":110,"column":62}},"110":{"start":{"line":111,"column":0},"end":{"line":111,"column":53}},"111":{"start":{"line":112,"column":0},"end":{"line":112,"column":3}},"112":{"start":{"line":113,"column":0},"end":{"line":113,"column":1}},"117":{"start":{"line":118,"column":0},"end":{"line":118,"column":39}},"118":{"start":{"line":119,"column":0},"end":{"line":119,"column":20}},"119":{"start":{"line":120,"column":0},"end":{"line":120,"column":17}},"120":{"start":{"line":121,"column":0},"end":{"line":121,"column":30}},"121":{"start":{"line":122,"column":0},"end":{"line":122,"column":36}},"124":{"start":{"line":125,"column":0},"end":{"line":125,"column":17}},"125":{"start":{"line":126,"column":0},"end":{"line":126,"column":47}},"126":{"start":{"line":127,"column":0},"end":{"line":127,"column":67}},"127":{"start":{"line":128,"column":0},"end":{"line":128,"column":46}},"128":{"start":{"line":129,"column":0},"end":{"line":129,"column":5}},"129":{"start":{"line":130,"column":0},"end":{"line":130,"column":3}},"131":{"start":{"line":132,"column":0},"end":{"line":132,"column":7}},"132":{"start":{"line":133,"column":0},"end":{"line":133,"column":75}},"133":{"start":{"line":134,"column":0},"end":{"line":134,"column":21}},"134":{"start":{"line":135,"column":0},"end":{"line":135,"column":16}},"135":{"start":{"line":136,"column":0},"end":{"line":136,"column":42}},"136":{"start":{"line":137,"column":0},"end":{"line":137,"column":8}},"137":{"start":{"line":138,"column":0},"end":{"line":138,"column":28}},"138":{"start":{"line":139,"column":0},"end":{"line":139,"column":19}},"139":{"start":{"line":140,"column":0},"end":{"line":140,"column":24}},"140":{"start":{"line":141,"column":0},"end":{"line":141,"column":8}},"141":{"start":{"line":142,"column":0},"end":{"line":142,"column":6}},"143":{"start":{"line":144,"column":0},"end":{"line":144,"column":23}},"144":{"start":{"line":145,"column":0},"end":{"line":145,"column":68}},"145":{"start":{"line":146,"column":0},"end":{"line":146,"column":49}},"146":{"start":{"line":147,"column":0},"end":{"line":147,"column":5}},"148":{"start":{"line":149,"column":0},"end":{"line":149,"column":38}},"149":{"start":{"line":150,"column":0},"end":{"line":150,"column":100}},"152":{"start":{"line":153,"column":0},"end":{"line":153,"column":19}},"153":{"start":{"line":154,"column":0},"end":{"line":154,"column":69}},"154":{"start":{"line":155,"column":0},"end":{"line":155,"column":5}},"156":{"start":{"line":157,"column":0},"end":{"line":157,"column":17}},"157":{"start":{"line":158,"column":0},"end":{"line":158,"column":19}},"158":{"start":{"line":159,"column":0},"end":{"line":159,"column":56}},"159":{"start":{"line":160,"column":0},"end":{"line":160,"column":47}},"160":{"start":{"line":161,"column":0},"end":{"line":161,"column":3}},"161":{"start":{"line":162,"column":0},"end":{"line":162,"column":1}},"166":{"start":{"line":167,"column":0},"end":{"line":167,"column":45}},"167":{"start":{"line":168,"column":0},"end":{"line":168,"column":24}},"168":{"start":{"line":169,"column":0},"end":{"line":169,"column":1}},"173":{"start":{"line":174,"column":0},"end":{"line":174,"column":62}},"175":{"start":{"line":176,"column":0},"end":{"line":176,"column":19}},"176":{"start":{"line":177,"column":0},"end":{"line":177,"column":22}},"177":{"start":{"line":178,"column":0},"end":{"line":178,"column":16}},"178":{"start":{"line":179,"column":0},"end":{"line":179,"column":18}},"179":{"start":{"line":180,"column":0},"end":{"line":180,"column":37}},"180":{"start":{"line":181,"column":0},"end":{"line":181,"column":39}},"181":{"start":{"line":182,"column":0},"end":{"line":182,"column":18}},"182":{"start":{"line":183,"column":0},"end":{"line":183,"column":20}},"183":{"start":{"line":184,"column":0},"end":{"line":184,"column":15}},"184":{"start":{"line":185,"column":0},"end":{"line":185,"column":3}},"186":{"start":{"line":187,"column":0},"end":{"line":187,"column":33}},"187":{"start":{"line":188,"column":0},"end":{"line":188,"column":45}},"188":{"start":{"line":189,"column":0},"end":{"line":189,"column":16}},"190":{"start":{"line":191,"column":0},"end":{"line":191,"column":43}},"191":{"start":{"line":192,"column":0},"end":{"line":192,"column":35}},"192":{"start":{"line":193,"column":0},"end":{"line":193,"column":17}},"193":{"start":{"line":194,"column":0},"end":{"line":194,"column":7}},"194":{"start":{"line":195,"column":0},"end":{"line":195,"column":5}},"195":{"start":{"line":196,"column":0},"end":{"line":196,"column":3}},"197":{"start":{"line":198,"column":0},"end":{"line":198,"column":13}},"198":{"start":{"line":199,"column":0},"end":{"line":199,"column":1}},"203":{"start":{"line":204,"column":0},"end":{"line":204,"column":112}},"204":{"start":{"line":205,"column":0},"end":{"line":205,"column":7}},"206":{"start":{"line":207,"column":0},"end":{"line":207,"column":106}},"207":{"start":{"line":208,"column":0},"end":{"line":208,"column":16}},"208":{"start":{"line":209,"column":0},"end":{"line":209,"column":42}},"209":{"start":{"line":210,"column":0},"end":{"line":210,"column":7}},"210":{"start":{"line":211,"column":0},"end":{"line":211,"column":6}},"212":{"start":{"line":213,"column":0},"end":{"line":213,"column":23}},"213":{"start":{"line":214,"column":0},"end":{"line":214,"column":64}},"214":{"start":{"line":215,"column":0},"end":{"line":215,"column":60}},"215":{"start":{"line":216,"column":0},"end":{"line":216,"column":5}},"217":{"start":{"line":218,"column":0},"end":{"line":218,"column":38}},"218":{"start":{"line":219,"column":0},"end":{"line":219,"column":38}},"219":{"start":{"line":220,"column":0},"end":{"line":220,"column":30}},"220":{"start":{"line":221,"column":0},"end":{"line":221,"column":5}},"222":{"start":{"line":223,"column":0},"end":{"line":223,"column":29}},"223":{"start":{"line":224,"column":0},"end":{"line":224,"column":46}},"225":{"start":{"line":226,"column":0},"end":{"line":226,"column":35}},"226":{"start":{"line":227,"column":0},"end":{"line":227,"column":64}},"227":{"start":{"line":228,"column":0},"end":{"line":228,"column":65}},"228":{"start":{"line":229,"column":0},"end":{"line":229,"column":7}},"229":{"start":{"line":230,"column":0},"end":{"line":230,"column":5}},"231":{"start":{"line":232,"column":0},"end":{"line":232,"column":28}},"232":{"start":{"line":233,"column":0},"end":{"line":233,"column":19}},"233":{"start":{"line":234,"column":0},"end":{"line":234,"column":53}},"234":{"start":{"line":235,"column":0},"end":{"line":235,"column":54}},"235":{"start":{"line":236,"column":0},"end":{"line":236,"column":3}},"236":{"start":{"line":237,"column":0},"end":{"line":237,"column":1}}},"s":{"0":1,"9":1,"10":1,"15":7,"16":7,"17":7,"18":7,"19":7,"20":7,"23":7,"24":7,"25":7,"26":1,"27":1,"28":7,"30":6,"31":6,"32":6,"33":6,"34":6,"35":6,"36":6,"37":6,"38":6,"39":6,"40":6,"41":6,"43":7,"45":1,"46":1,"47":1,"49":4,"50":7,"53":7,"54":4,"55":4,"57":4,"58":7,"59":1,"61":1,"62":1,"63":7,"68":1,"69":1,"70":1,"71":1,"72":1,"75":1,"76":1,"77":1,"78":0,"79":0,"80":1,"82":1,"83":1,"84":1,"85":1,"86":1,"87":1,"88":1,"89":1,"90":1,"91":1,"92":1,"94":1,"95":1,"96":1,"97":1,"99":0,"100":1,"103":1,"104":0,"105":0,"107":0,"108":0,"109":0,"110":0,"111":0,"112":1,"117":1,"118":1,"119":1,"120":1,"121":1,"124":1,"125":1,"126":1,"127":0,"128":0,"129":1,"131":1,"132":1,"133":1,"134":1,"135":1,"136":1,"137":1,"138":1,"139":1,"140":1,"141":1,"143":1,"144":1,"145":1,"146":1,"148":0,"149":1,"152":1,"153":0,"154":0,"156":0,"157":0,"158":0,"159":0,"160":0,"161":1,"166":1,"167":16,"168":16,"173":1,"175":3,"176":3,"177":3,"178":3,"179":3,"180":3,"181":3,"182":3,"183":3,"184":3,"186":3,"187":17,"188":17,"190":2,"191":2,"192":1,"193":1,"194":2,"195":17,"197":2,"198":2,"203":5,"204":5,"206":5,"207":5,"208":5,"209":5,"210":5,"212":5,"213":1,"214":1,"215":1,"217":3,"218":5,"219":1,"220":1,"222":2,"223":2,"225":2,"226":2,"227":1,"228":1,"229":2,"231":1,"232":1,"233":1,"234":1,"235":1,"236":5},"branchMap":{"0":{"type":"branch","line":16,"loc":{"start":{"line":16,"column":0},"end":{"line":64,"column":1}},"locations":[{"start":{"line":16,"column":0},"end":{"line":64,"column":1}}]},"1":{"type":"branch","line":21,"loc":{"start":{"line":21,"column":37},"end":{"line":21,"column":48}},"locations":[{"start":{"line":21,"column":37},"end":{"line":21,"column":48}}]},"2":{"type":"branch","line":26,"loc":{"start":{"line":26,"column":8},"end":{"line":26,"column":66}},"locations":[{"start":{"line":26,"column":8},"end":{"line":26,"column":66}}]},"3":{"type":"branch","line":26,"loc":{"start":{"line":26,"column":66},"end":{"line":28,"column":5}},"locations":[{"start":{"line":26,"column":66},"end":{"line":28,"column":5}}]},"4":{"type":"branch","line":29,"loc":{"start":{"line":29,"column":2},"end":{"line":42,"column":6}},"locations":[{"start":{"line":29,"column":2},"end":{"line":42,"column":6}}]},"5":{"type":"branch","line":42,"loc":{"start":{"line":42,"column":5},"end":{"line":44,"column":22}},"locations":[{"start":{"line":42,"column":5},"end":{"line":44,"column":22}}]},"6":{"type":"branch","line":44,"loc":{"start":{"line":44,"column":22},"end":{"line":48,"column":5}},"locations":[{"start":{"line":44,"column":22},"end":{"line":48,"column":5}}]},"7":{"type":"branch","line":48,"loc":{"start":{"line":48,"column":4},"end":{"line":51,"column":66}},"locations":[{"start":{"line":48,"column":4},"end":{"line":51,"column":66}}]},"8":{"type":"branch","line":51,"loc":{"start":{"line":51,"column":59},"end":{"line":51,"column":104}},"locations":[{"start":{"line":51,"column":59},"end":{"line":51,"column":104}}]},"9":{"type":"branch","line":54,"loc":{"start":{"line":54,"column":18},"end":{"line":59,"column":11}},"locations":[{"start":{"line":54,"column":18},"end":{"line":59,"column":11}}]},"10":{"type":"branch","line":59,"loc":{"start":{"line":59,"column":2},"end":{"line":63,"column":3}},"locations":[{"start":{"line":59,"column":2},"end":{"line":63,"column":3}}]},"11":{"type":"branch","line":69,"loc":{"start":{"line":69,"column":0},"end":{"line":113,"column":1}},"locations":[{"start":{"line":69,"column":0},"end":{"line":113,"column":1}}]},"12":{"type":"branch","line":78,"loc":{"start":{"line":78,"column":8},"end":{"line":78,"column":66}},"locations":[{"start":{"line":78,"column":8},"end":{"line":78,"column":66}}]},"13":{"type":"branch","line":78,"loc":{"start":{"line":78,"column":66},"end":{"line":80,"column":5}},"locations":[{"start":{"line":78,"column":66},"end":{"line":80,"column":5}}]},"14":{"type":"branch","line":98,"loc":{"start":{"line":98,"column":4},"end":{"line":101,"column":70}},"locations":[{"start":{"line":98,"column":4},"end":{"line":101,"column":70}}]},"15":{"type":"branch","line":101,"loc":{"start":{"line":101,"column":63},"end":{"line":101,"column":112}},"locations":[{"start":{"line":101,"column":63},"end":{"line":101,"column":112}}]},"16":{"type":"branch","line":104,"loc":{"start":{"line":104,"column":18},"end":{"line":112,"column":3}},"locations":[{"start":{"line":104,"column":18},"end":{"line":112,"column":3}}]},"17":{"type":"branch","line":118,"loc":{"start":{"line":118,"column":0},"end":{"line":162,"column":1}},"locations":[{"start":{"line":118,"column":0},"end":{"line":162,"column":1}}]},"18":{"type":"branch","line":127,"loc":{"start":{"line":127,"column":8},"end":{"line":127,"column":66}},"locations":[{"start":{"line":127,"column":8},"end":{"line":127,"column":66}}]},"19":{"type":"branch","line":127,"loc":{"start":{"line":127,"column":66},"end":{"line":129,"column":5}},"locations":[{"start":{"line":127,"column":66},"end":{"line":129,"column":5}}]},"20":{"type":"branch","line":147,"loc":{"start":{"line":147,"column":4},"end":{"line":150,"column":64}},"locations":[{"start":{"line":147,"column":4},"end":{"line":150,"column":64}}]},"21":{"type":"branch","line":150,"loc":{"start":{"line":150,"column":57},"end":{"line":150,"column":100}},"locations":[{"start":{"line":150,"column":57},"end":{"line":150,"column":100}}]},"22":{"type":"branch","line":153,"loc":{"start":{"line":153,"column":18},"end":{"line":161,"column":3}},"locations":[{"start":{"line":153,"column":18},"end":{"line":161,"column":3}}]},"23":{"type":"branch","line":167,"loc":{"start":{"line":167,"column":7},"end":{"line":169,"column":1}},"locations":[{"start":{"line":167,"column":7},"end":{"line":169,"column":1}}]},"24":{"type":"branch","line":174,"loc":{"start":{"line":174,"column":7},"end":{"line":199,"column":1}},"locations":[{"start":{"line":174,"column":7},"end":{"line":199,"column":1}}]},"25":{"type":"branch","line":187,"loc":{"start":{"line":187,"column":32},"end":{"line":196,"column":3}},"locations":[{"start":{"line":187,"column":32},"end":{"line":196,"column":3}}]},"26":{"type":"branch","line":189,"loc":{"start":{"line":189,"column":15},"end":{"line":195,"column":5}},"locations":[{"start":{"line":189,"column":15},"end":{"line":195,"column":5}}]},"27":{"type":"branch","line":192,"loc":{"start":{"line":192,"column":34},"end":{"line":194,"column":7}},"locations":[{"start":{"line":192,"column":34},"end":{"line":194,"column":7}}]},"28":{"type":"branch","line":196,"loc":{"start":{"line":196,"column":2},"end":{"line":199,"column":1}},"locations":[{"start":{"line":196,"column":2},"end":{"line":199,"column":1}}]},"29":{"type":"branch","line":204,"loc":{"start":{"line":204,"column":0},"end":{"line":237,"column":1}},"locations":[{"start":{"line":204,"column":0},"end":{"line":237,"column":1}}]},"30":{"type":"branch","line":211,"loc":{"start":{"line":211,"column":5},"end":{"line":213,"column":22}},"locations":[{"start":{"line":211,"column":5},"end":{"line":213,"column":22}}]},"31":{"type":"branch","line":213,"loc":{"start":{"line":213,"column":22},"end":{"line":216,"column":5}},"locations":[{"start":{"line":213,"column":22},"end":{"line":216,"column":5}}]},"32":{"type":"branch","line":216,"loc":{"start":{"line":216,"column":4},"end":{"line":219,"column":25}},"locations":[{"start":{"line":216,"column":4},"end":{"line":219,"column":25}}]},"33":{"type":"branch","line":219,"loc":{"start":{"line":219,"column":14},"end":{"line":219,"column":37}},"locations":[{"start":{"line":219,"column":14},"end":{"line":219,"column":37}}]},"34":{"type":"branch","line":219,"loc":{"start":{"line":219,"column":37},"end":{"line":221,"column":5}},"locations":[{"start":{"line":219,"column":37},"end":{"line":221,"column":5}}]},"35":{"type":"branch","line":221,"loc":{"start":{"line":221,"column":4},"end":{"line":230,"column":5}},"locations":[{"start":{"line":221,"column":4},"end":{"line":230,"column":5}}]},"36":{"type":"branch","line":227,"loc":{"start":{"line":227,"column":63},"end":{"line":229,"column":7}},"locations":[{"start":{"line":227,"column":63},"end":{"line":229,"column":7}}]},"37":{"type":"branch","line":230,"loc":{"start":{"line":230,"column":4},"end":{"line":236,"column":3}},"locations":[{"start":{"line":230,"column":4},"end":{"line":236,"column":3}}]}},"b":{"0":[7],"1":[0],"2":[1],"3":[1],"4":[6],"5":[5],"6":[1],"7":[4],"8":[0],"9":[4],"10":[1],"11":[1],"12":[0],"13":[0],"14":[0],"15":[0],"16":[0],"17":[1],"18":[0],"19":[0],"20":[0],"21":[0],"22":[0],"23":[16],"24":[3],"25":[17],"26":[2],"27":[1],"28":[2],"29":[5],"30":[4],"31":[1],"32":[3],"33":[2],"34":[1],"35":[2],"36":[1],"37":[1]},"fnMap":{"0":{"name":"checkUserBlacklist","decl":{"start":{"line":16,"column":0},"end":{"line":64,"column":1}},"loc":{"start":{"line":16,"column":0},"end":{"line":64,"column":1}},"line":16},"1":{"name":"checkPropertyBlacklist","decl":{"start":{"line":69,"column":0},"end":{"line":113,"column":1}},"loc":{"start":{"line":69,"column":0},"end":{"line":113,"column":1}},"line":69},"2":{"name":"checkIPBlacklist","decl":{"start":{"line":118,"column":0},"end":{"line":162,"column":1}},"loc":{"start":{"line":118,"column":0},"end":{"line":162,"column":1}},"line":118},"3":{"name":"clearBlacklistCache","decl":{"start":{"line":167,"column":7},"end":{"line":169,"column":1}},"loc":{"start":{"line":167,"column":7},"end":{"line":169,"column":1}},"line":167},"4":{"name":"getClientIP","decl":{"start":{"line":174,"column":7},"end":{"line":199,"column":1}},"loc":{"start":{"line":174,"column":7},"end":{"line":199,"column":1}},"line":174},"5":{"name":"validateContent","decl":{"start":{"line":204,"column":0},"end":{"line":237,"column":1}},"loc":{"start":{"line":204,"column":0},"end":{"line":237,"column":1}},"line":204}},"f":{"0":7,"1":1,"2":1,"3":16,"4":3,"5":5}}
,"/Users/pranay/Documents/ondorealestatewebsite/lib/config.ts": {"path":"/Users/pranay/Documents/ondorealestatewebsite/lib/config.ts","all":false,"statementMap":{"1":{"start":{"line":2,"column":0},"end":{"line":2,"column":23}},"3":{"start":{"line":4,"column":0},"end":{"line":4,"column":9}},"4":{"start":{"line":5,"column":0},"end":{"line":5,"column":66}},"5":{"start":{"line":6,"column":0},"end":{"line":6,"column":74}},"6":{"start":{"line":7,"column":0},"end":{"line":7,"column":67}},"7":{"start":{"line":8,"column":0},"end":{"line":8,"column":76}},"8":{"start":{"line":9,"column":0},"end":{"line":9,"column":4}},"11":{"start":{"line":12,"column":0},"end":{"line":12,"column":14}},"12":{"start":{"line":13,"column":0},"end":{"line":13,"column":13}},"13":{"start":{"line":14,"column":0},"end":{"line":14,"column":53}},"14":{"start":{"line":15,"column":0},"end":{"line":15,"column":6}},"15":{"start":{"line":16,"column":0},"end":{"line":16,"column":13}},"16":{"start":{"line":17,"column":0},"end":{"line":17,"column":54}},"17":{"start":{"line":18,"column":0},"end":{"line":18,"column":61}},"18":{"start":{"line":19,"column":0},"end":{"line":19,"column":6}},"19":{"start":{"line":20,"column":0},"end":{"line":20,"column":4}},"22":{"start":{"line":23,"column":0},"end":{"line":23,"column":8}},"23":{"start":{"line":24,"column":0},"end":{"line":24,"column":17}},"24":{"start":{"line":25,"column":0},"end":{"line":25,"column":43}},"25":{"start":{"line":26,"column":0},"end":{"line":26,"column":75}},"26":{"start":{"line":27,"column":0},"end":{"line":27,"column":6}},"27":{"start":{"line":28,"column":0},"end":{"line":28,"column":17}},"28":{"start":{"line":29,"column":0},"end":{"line":29,"column":55}},"29":{"start":{"line":30,"column":0},"end":{"line":30,"column":61}},"30":{"start":{"line":31,"column":0},"end":{"line":31,"column":6}},"31":{"start":{"line":32,"column":0},"end":{"line":32,"column":4}},"34":{"start":{"line":35,"column":0},"end":{"line":35,"column":13}},"35":{"start":{"line":36,"column":0},"end":{"line":36,"column":34}},"36":{"start":{"line":37,"column":0},"end":{"line":37,"column":40}},"37":{"start":{"line":38,"column":0},"end":{"line":38,"column":4}},"40":{"start":{"line":41,"column":0},"end":{"line":41,"column":13}},"41":{"start":{"line":42,"column":0},"end":{"line":42,"column":46}},"42":{"start":{"line":43,"column":0},"end":{"line":43,"column":55}},"43":{"start":{"line":44,"column":0},"end":{"line":44,"column":99}},"44":{"start":{"line":45,"column":0},"end":{"line":45,"column":4}},"47":{"start":{"line":48,"column":0},"end":{"line":48,"column":10}},"48":{"start":{"line":49,"column":0},"end":{"line":49,"column":11}},"49":{"start":{"line":50,"column":0},"end":{"line":50,"column":34}},"50":{"start":{"line":51,"column":0},"end":{"line":51,"column":53}},"51":{"start":{"line":52,"column":0},"end":{"line":52,"column":34}},"52":{"start":{"line":53,"column":0},"end":{"line":53,"column":34}},"53":{"start":{"line":54,"column":0},"end":{"line":54,"column":6}},"54":{"start":{"line":55,"column":0},"end":{"line":55,"column":89}},"55":{"start":{"line":56,"column":0},"end":{"line":56,"column":4}},"58":{"start":{"line":59,"column":0},"end":{"line":59,"column":11}},"59":{"start":{"line":60,"column":0},"end":{"line":60,"column":18}},"60":{"start":{"line":61,"column":0},"end":{"line":61,"column":45}},"61":{"start":{"line":62,"column":0},"end":{"line":62,"column":44}},"62":{"start":{"line":63,"column":0},"end":{"line":63,"column":6}},"63":{"start":{"line":64,"column":0},"end":{"line":64,"column":82}},"64":{"start":{"line":65,"column":0},"end":{"line":65,"column":4}},"67":{"start":{"line":68,"column":0},"end":{"line":68,"column":10}},"68":{"start":{"line":69,"column":0},"end":{"line":69,"column":31}},"69":{"start":{"line":70,"column":0},"end":{"line":70,"column":37}},"70":{"start":{"line":71,"column":0},"end":{"line":71,"column":4}},"73":{"start":{"line":74,"column":0},"end":{"line":74,"column":15}},"74":{"start":{"line":75,"column":0},"end":{"line":75,"column":13}},"75":{"start":{"line":76,"column":0},"end":{"line":76,"column":34}},"76":{"start":{"line":77,"column":0},"end":{"line":77,"column":40}},"77":{"start":{"line":78,"column":0},"end":{"line":78,"column":6}},"78":{"start":{"line":79,"column":0},"end":{"line":79,"column":4}},"81":{"start":{"line":82,"column":0},"end":{"line":82,"column":8}},"82":{"start":{"line":83,"column":0},"end":{"line":83,"column":58}},"83":{"start":{"line":84,"column":0},"end":{"line":84,"column":56}},"84":{"start":{"line":85,"column":0},"end":{"line":85,"column":44}},"85":{"start":{"line":86,"column":0},"end":{"line":86,"column":4}},"86":{"start":{"line":87,"column":0},"end":{"line":87,"column":1}},"89":{"start":{"line":90,"column":0},"end":{"line":90,"column":37}},"90":{"start":{"line":91,"column":0},"end":{"line":91,"column":20}},"91":{"start":{"line":92,"column":0},"end":{"line":92,"column":27}},"92":{"start":{"line":93,"column":0},"end":{"line":93,"column":3}},"94":{"start":{"line":95,"column":0},"end":{"line":95,"column":59}},"96":{"start":{"line":97,"column":0},"end":{"line":97,"column":69}},"98":{"start":{"line":99,"column":0},"end":{"line":99,"column":84}},"99":{"start":{"line":100,"column":0},"end":{"line":100,"column":3}},"101":{"start":{"line":102,"column":0},"end":{"line":102,"column":29}},"102":{"start":{"line":103,"column":0},"end":{"line":103,"column":1}},"104":{"start":{"line":105,"column":0},"end":{"line":105,"column":21}}},"s
[...]
":0,"90":1,"91":1,"92":1,"97":1,"98":1,"99":1,"100":1,"101":1,"103":1,"104":3,"105":2,"106":2,"107":2,"108":2,"109":3,"110":1,"115":1,"116":1,"117":1,"118":1,"119":0,"120":0,"121":1,"126":1,"127":1,"128":0,"129":0,"130":0,"131":1,"133":1,"134":1,"135":1,"136":1,"137":1,"142":1,"143":1,"144":1,"145":1,"146":1,"147":1,"148":1,"149":1,"151":1,"152":0,"153":0,"154":0,"155":0,"158":1,"159":0,"160":0,"161":0,"162":0,"164":1,"165":1},"branchMap":{"0":{"type":"branch","line":10,"loc":{"start":{"line":10,"column":7},"end":{"line":28,"column":1}},"locations":[{"start":{"line":10,"column":7},"end":{"line":28,"column":1}}]},"1":{"type":"branch","line":18,"loc":{"start":{"line":18,"column":21},"end":{"line":27,"column":3}},"locations":[{"start":{"line":18,"column":21},"end":{"line":27,"column":3}}]},"2":{"type":"branch","line":24,"loc":{"start":{"line":24,"column":4},"end":{"line":26,"column":5}},"locations":[{"start":{"line":24,"column":4},"end":{"line":26,"column":5}}]},"3":{"type":"branch","line":33,"loc":{"start":{"line":33,"column":0},"end":{"line":71,"column":1}},"locations":[{"start":{"line":33,"column":0},"end":{"line":71,"column":1}}]},"4":{"type":"branch","line":46,"loc":{"start":{"line":46,"column":52},"end":{"line":71,"column":1}},"locations":[{"start":{"line":46,"column":52},"end":{"line":71,"column":1}}]},"5":{"type":"branch","line":51,"loc":{"start":{"line":51,"column":20},"end":{"line":53,"column":5}},"locations":[{"start":{"line":51,"column":20},"end":{"line":53,"column":5}}]},"6":{"type":"branch","line":56,"loc":{"start":{"line":56,"column":16},"end":{"line":56,"column":51}},"locations":[{"start":{"line":56,"column":16},"end":{"line":56,"column":51}}]},"7":{"type":"branch","line":56,"loc":{"start":{"line":56,"column":51},"end":{"line":58,"column":15}},"locations":[{"start":{"line":56,"column":51},"end":{"line":58,"column":15}}]},"8":{"type":"branch","line":58,"loc":{"start":{"line":58,"column":4},"end":{"line":67,"column":5}},"locations":[{"start":{"line":58,"column":4},"end":{"line":67,"column":5}}]},"9":{"type":"branch","line":58,"loc":{"start":{"line":58,"column":45},"end":{"line":67,"column":5}},"locations":[{"start":{"line":58,"column":45},"end":{"line":67,"column":5}}]},"10":{"type":"branch","line":57,"loc":{"start":{"line":57,"column":24},"end":{"line":57,"column":63}},"locations":[{"start":{"line":57,"column":24},"end":{"line":57,"column":63}}]},"11":{"type":"branch","line":60,"loc":{"start":{"line":60,"column":24},"end":{"line":66,"column":7}},"locations":[{"start":{"line":60,"column":24},"end":{"line":66,"column":7}}]},"12":{"type":"branch","line":61,"loc":{"start":{"line":61,"column":45},"end":{"line":63,"column":15}},"locations":[{"start":{"line":61,"column":45},"end":{"line":63,"column":15}}]},"13":{"type":"branch","line":76,"loc":{"start":{"line":76,"column":7},"end":{"line":93,"column":1}},"locations":[{"start":{"line":76,"column":7},"end":{"line":93,"column":1}}]},"14":{"type":"branch","line":82,"loc":{"start":{"line":82,"column":9},"end":{"line":92,"column":4}},"locations":[{"start":{"line":82,"column":9},"end":{"line":92,"column":4}}]},"15":{"type":"branch","line":88,"loc":{"start":{"line":88,"column":17},"end":{"line":90,"column":5}},"locations":[{"start":{"line":88,"column":17},"end":{"line":90,"column":5}}]},"16":{"type":"branch","line":83,"loc":{"start":{"line":83,"column":18},"end":{"line":86,"column":6}},"locations":[{"start":{"line":83,"column":18},"end":{"line":86,"column":6}}]},"17":{"type":"branch","line":98,"loc":{"start":{"line":98,"column":7},"end":{"line":111,"column":1}},"locations":[{"start":{"line":98,"column":7},"end":{"line":111,"column":1}}]},"18":{"type":"branch","line":104,"loc":{"start":{"line":104,"column":9},"end":{"line":110,"column":4}},"locations":[{"start":{"line":104,"column":9},"end":{"line":110,"column":4}}]},"19":{"type":"branch","line":105,"loc":{"start":{"line":105,"column":21},"end":{"line":109,"column":5}},"locations":[{"start":{"line":105,"column":21},"end":{"line":109,"column":5}}]},"20":{"type":"branch","line":108,"loc":{"start":{"line":108,"column":17},"end":{"line":108,"column":45}},"locations":[{"start":{"line":108,"column":17},"end":{"line":108,"column":45}}]},"21":{"type":"branch","line":116,"loc":{"start":{"line":116,"column":7},"end":{"line":122,"column":1}},"locations":[{"start":{"line":116,"column":7},"end":{"line":122,"column":1}}]},"22":{"type":"branch","line":119,"loc":{"start":{"line":119,"column":2},"end":{"line":121,"column":3}},"locations":[{"start":{"line":119,"column":2},"end":{"line":121,"column":3}}]},"23":{"type":"branch","line":127,"loc":{"start":{"line":127,"column":7},"end":{"line":138,"column":1}},"locations":[{"start":{"line":127,"column":7},"end":{"line":138,"column":1}}]},"24":{"type":"branch","line":128,"loc":{"start":{"line":128,"column":72},"end":{"line":132,"column":9}},"locations":[{"start":{"line":128,"column":72},"end":{"line":132,"column":9}}]},"25":{"type":"branch","line":134,"loc":{"start":{"line":134,"column":15},"end":{"line":136,"column":7}},"locations":[{"start":{"line":134,"column":15},"end":{"line":136,"column":7}}]},"26":{"type":"branch","line":135,"loc":{"start":{"line":135,"column":22},"end":{"line":135,"column":42}},"locations":[{"start":{"line":135,"column":22},"end":{"line":135,"column":42}}]},"27":{"type":"branch","line":143,"loc":{"start":{"line":143,"column":0},"end":{"line":166,"column":1}},"locations":[{"start":{"line":143,"column":0},"end":{"line":166,"column":1}}]},"28":{"type":"branch","line":152,"loc":{"start":{"line":152,"column":46},"end":{"line":156,"column":3}},"locations":[{"start":{"line":152,"column":46},"end":{"line":156,"column":3}}]},"29":{"type":"branch","line":159,"loc":{"start":{"line":159,"column":17},"end":{"line":159,"column":63}},"locations":[{"start":{"line":159,"column":17},"end":{"line":159,"column":63}}]},"30":{"type":"branch","line":159,"loc":{"start":{"line":159,"column":63},"end":{"line":163,"column":3}},"locations":[{"start":{"line":159,"column":63},"end":{"line":163,"column":3}}]}},"b":{"0":[2],"1":[2],"2":[1],"3":[3],"4":[5],"5":[2],"6":[2],"7":[1],"8":[4],"9":[1],"10":[1],"11":[1],"12":[0],"13":[1],"14":[1],"15":[0],"16":[1],"17":[1],"18":[3],"19":[2],"20":[1],"21":[1],"22":[0],"23":[1],"24":[0],"25":[1],"26":[2],"27":[1],"28":[0],"29":[0],"30":[0]},"fnMap":{"0":{"name":"scheduleTask","decl":{"start":{"line":10,"column":7},"end":{"line":28,"column":1}},"loc":{"start":{"line":10,"column":7},"end":{"line":28,"column":1}},"line":10},"1":{"name":"processInChunks","decl":{"start":{"line":33,"column":0},"end":{"line":71,"column":1}},"loc":{"start":{"line":33,"column":0},"end":{"line":71,"column":1}},"line":33},"2":{"name":"requestIdleCallback.timeout","decl":{"start":{"line":62,"column":30},"end":{"line":62,"column":56}},"loc":{"start":{"line":62,"column":30},"end":{"line":62,"column":56}},"line":62},"3":{"name":"debounce","decl":{"start":{"line":76,"column":7},"end":{"line":93,"column":1}},"loc":{"start":{"line":76,"column":7},"end":{"line":93,"column":1}},"line":76},"4":{"name":"executedFunction","decl":{"start":{"line":82,"column":9},"end":{"line":92,"column":4}},"loc":{"start":{"line":82,"column":9},"end":{"line":92,"column":4}},"line":82},"5":{"name":"later","decl":{"start":{"line":83,"column":18},"end":{"line":86,"column":6}},"loc":{"start":{"line":83,"column":18},"end":{"line":86,"column":6}},"line":83},"6":{"name":"throttle","decl":{"start":{"line":98,"column":7},"end":{"line":111,"column":1}},"loc":{"start":{"line":98,"column":7},"end":{"line":111,"column":1}},"line":98},"7":{"name":"executedFunction","decl":{"start":{"line":104,"column":9},"end":{"line":110,"column":4}},"loc":{"start":{"line":104,"column":9},"end":{"line":110,"column":4}},"line":104},"8":{"name":"requestAnimationFrameTask","decl":{"start":{"line":116,"column":7},"end":{"line":122,"column":1}},"loc":{"start":{"line":116,"column":7},"end":{"line":122,"column":1}},"line":116},"9":{"name":"batchUpdates","decl":{"start":{"line":127,"column":7},"end":{"line":138,"column":1}},"loc":{"start":{"line":127,"column":7},"end":{"line":138,"column":1}},"line":127},"10":{"name":"measureTask","decl":{"start":{"line":143,"column":0},"end":{"line":166,"column":1}},"loc":{"start":{"line":143,"column":0},"end":{"line":166,"column":1}},"line":143}},"f":{"0":2,"1":3,"2":0,"3":1,"4":1,"5":1,"6":1,"7":3,"8":1,"9":1,"10":1}}
,"/Users/pranay/Documents/ondorealestatewebsite/lib/utils.ts": {"path":"/Users/pranay/Documents/ondorealestatewebsite/lib/utils.ts","all":false,"statementMap":{"0":{"start":{"line":1,"column":0},"end":{"line":1,"column":44}},"3":{"start":{"line":4,"column":0},"end":{"line":4,"column":45}},"4":{"start":{"line":5,"column":0},"end":{"line":5,"column":30}},"5":{"start":{"line":6,"column":0},"end":{"line":6,"column":1}}},"s":{"0":1,"3":1,"4":206,"5":206},"branchMap":{"0":{"type":"branch","line":4,"loc":{"start":{"line":4,"column":7},"end":{"line":6,"column":1}},"locations":[{"start":{"line":4,"column":7},"end":{"line":6,"column":1}}]}},"b":{"0":[206]},"fnMap":{"0":{"name":"cn","decl":{"start":{"line":4,"column":7},"end":{"line":6,"column":1}},"loc":{"start":{"line":4,"column":7},"end":{"line":6,"column":1}},"line":4}},"f":{"0":206}}
,"/Users/pranay/Documents/ondorealestatewebsite/lib/validations.ts": {"path":"/Users/pranay/Documents/ondorealestatewebsite/lib/validations.ts","all":false,"statementMap":{"0":{"start":{"line":1,"column":0},"end":{"line":1,"column":23}},"7":{"start":{"line":8,"column":0},"end":{"line":8,"column":85}},"13":{"start":{"line":14,"column":0},"end":{"line":14,"column":41}},"14":{"start":{"line":15,"column":0},"end":{"line":15,"column":37}},"15":{"start":{"line":16,"column":0},"end":{"line":16,"column":20}},"17":{"start":{"line":18,"column":0},"end":{"line":18,"column":45}},"18":{"start":{"line":19,"column":0},"end":{"line":19,"column":61}},"19":{"start":{"line":20,"column":0},"end":{"line":20,"column":53}},"20":{"start":{"line":21,"column":0},"end":{"line":21,"column":20}},"22":{"start":{"line":23,"column":0},"end":{"line":23,"column":40}},"23":{"start":{"line":24,"column":0},"end":{"line":24,"column":80}},"26":{"start":{"line":27,"column":0},"end":{"line":27,"column":43}},"27":{"start":{"line":28,"column":0},"end":{"line":28,"column":64}},"28":{"start":{"line":29,"column":0},"end":{"line":29,"column":25}},"29":{"start":{"line":30,"column":0},"end":{"line":30,"column":25}},"30":{"start":{"line":31,"column":0},"end":{"line":31,"column":72}},"31":{"start":{"line":32,"column":0},"end":{"line":32,"column":70}},"32":{"start":{"line":33,"column":0},"end":{"line":33,"column":2}},"35":{"start":{"line":36,"column":0},"end":{"line":36,"column":40}},"36":{"start":{"line":37,"column":0},"end":{"line":37,"column":75}},"37":{"start":{"line":38,"column":0},"end":{"line":38,"column":73}},"38":{"start":{"line":39,"column":0},"end":{"line":39,"column":25}},"39":{"start":{"line":40,"column":0},"end":{"line":40,"column":25}},"40":{"start":{"line":41,"column":0},"end":{"line":41,"column":61}},"41":{"start":{"line":42,"column":0},"end":{"line":42,"column":55}},"42":{"start":{"line":43,"column":0},"end":{"line":43,"column":81}},"43":{"start":{"line":44,"column":0},"end":{"line":44,"column":67}},"44":{"start":{"line":45,"column":0},"end":{"line":45,"column":66}},"45":{"start":{"line":46,"column":0},"end":{"line":46,"column":54}},"46":{"start":{"line":47,"column":0},"end":{"line":47,"column":34}},"47":{"start":{"line":48,"column":0},"end":{"line":48,"column":2}},"50":{"start":{"line":51,"column":0},"end":{"line":51,"column":50}},"51":{"start":{"line":52,"column":0},"end":{"line":52,"column":66}},"52":{"start":{"line":53,"column":0},"end":{"line":53,"column":80}},"53":{"start":{"line":54,"column":0},"end":{"line":54,"column":57}},"54":{"start":{"line":55,"column":0},"end":{"line":55,"column":53}},"55":{"start":{"line":56,"column":0},"end":{"line":56,"column":5}},"56":{"start":{"line":57,"column":0},"end":{"line":57,"column":58}},"57":{"start":{"line":58,"column":0},"end":{"line":58,"column":39}},"58":{"start":{"line":59,"column":0},"end":{"line":59,"column":43}},"59":{"start":{"line":60,"column":0},"end":{"line":60,"column":42}},"60":{"start":{"line":61,"column":0},"end":{"line":61,"column":54}},"61":{"start":{"line":62,"column":0},"end":{"line":62,"column":5}},"62":{"start":{"line":63,"column":0},"end":{"line":63,"column":36}},"63":{"start":{"line":64,"column":0},"end":{"line":64,"column":57}},"64":{"start":{"line":65,"column":0},"end":{"line":65,"column":5}},"65":{"start":{"line":66,"column":0},"end":{"line":66,"column":2}},"68":{"start":{"line":69,"column":0},"end":{"line":69,"column":44}},"69":{"start":{"line":70,"column":0},"end":{"line":70,"column":73}},"70":{"start":{"line":71,"column":0},"end":{"line":71,"column":65}},"71":{"start":{"line":72,"column":0},"end":{"line":72,"column":55}},"72":{"start":{"line":73,"column":0},"end":{"line":73,"column":57}},"73":{"start":{"line":74,"column":0},"end":{"line":74,"column":81}},"74":{"start":{"line":75,"column":0},"end":{"line":75,"column":84}},"75":{"start":{"line":76,"column":0},"end":{"line":76,"column":52}},"76":{"start":{"line":77,"column":0},"end":{"line":77,"column":5}},"77":{"start":{"line":78,"column":0},"end":{"line":78,"column":60}},"78":{"start":{"line":79,"column":0},"end":{"line":79,"column":62}},"79":{"start":{"line":80,"column":0},"end":{"line":80,"column":66}},"80":{"start":{"line":81,"column":0},"end":{"line":81,"column":52}},"81":{"start":{"line":82,"column":0},"end":{"line":82,"column":58}},"82":{"start":{"line":83,"column":0},"end":{"line":83,"column":80}},"83":{"start":{"line":84,"column":0},"end":{"line":84,"column":44}},"84":{"start":{"line":85,"column":0},"end":{"line":85,"column":41}},"85":{"start":{"line":86,"column":0},"end":{"line":86,"column":2}},"88":{"start":{"line":89,"column":0},"end":{"line":89,"column":43}},"89":{"start":{"line":90,"column":0},"end":{"line":90,"column":64}},"90":{"start":{"line":91,"column":0},"end":{"line":91,"column":25}},"91":{"start":{"line":92,"column":0},"end":{"line":92,"column":25}},"92":{"start":{"line":93,"column":0},"end":{"line":93,"column":61}},"93":{"start":{"line":94,"column":0},"end":{"line":94,"column":55}},"94":{"start":{"line":95,"column":0},"end":{"line":95,"column":57}},"95":{"start":{"line":96,"column":0},"end":{"line":96,"column":81}},"96":{"start":{"line":97,"column":0},"end":{"line":97,"column":30}},"97":{"start":{"line":98,"column":0},"end":{"line":98,"column":84}},"98":{"start":{"line":99,"column":0},"end":{"line":99,"column":27}},"99":{"start":{"line":100,"column":0},"end":{"line":100,"column":67}},"100":{"start":{"line":101,"column":0},"end":{"line":101,"column":5}},"101":{"start":{"line":102,"column":0},"end":{"line":102,"column":2}},"104":{"start":{"line":105,"column":0},"end":{"line":105,"column":37}},"105":{"start":{"line":106,"column":0},"end":{"line":106,"column":25}},"106":{"start":{"line":107,"column":0},"end":{"line":107,"column":22}},"107":{"start":{"line":108,"column":0},"end":{"line":108,"column":53}},"108":{"start":{"line":109,"column":0},"end":{"line":109,"column":139}},"109":{"start":{"line":110,"column":0},"end":{"line":110,"column":46}},"110":{"start":{"line":111,"column":0},"end":{"line":111,"column":43}},"111":{"start":{"line":112,"column":0},"end":{"line":112,"column":5}},"112":{"start":{"line":113,"column":0},"end":{"line":113,"column":2}},"115":{"start":{"line":116,"column":0},"end":{"line":116,"column":44}},"116":{"start":{"line":117,"column":0},"end":{"line":117,"column":75}},"117":{"start":{"line":118,"column":0},"end":{"line":118,"column":73}},"118":{"start":{"line":119,"column":0},"end":{"line":119,"column":25}},"119":{"start":{"line":120,"column":0},"end":{"line":120,"column":25}},"120":{"start":{"line":121,"column":0},"end":{"line":121,"column":22}},"121":{"start":{"line":122,"column":0},"end":{"line":122,"column":53}},"122":{"start":{"line":123,"column":0},"end":{"line":123,"column":139}},"123":{"start":{"line":124,"column":0},"end":{"line":124,"column":30}},"124":{"start":{"line":125,"column":0},"end":{"line":125,"column":46}},"125":{"start":{"line":126,"column":0},"end":{"line":126,"column":43}},"126":{"start":{"line":127,"column":0},"end":{"line":127,"column":5}},"127":{"start":{"line":128,"column":0},"end":{"line":128,"column":101}},"128":{"start":{"line":129,"column":0},"end":{"line":129,"column":59}},"129":{"start":{"line":130,"column":0},"end":{"line":130,"column":35}},"130":{"start":{"line":131,"column":0},"end":{"line":131,"column":28}},"131":{"start":{"line":132,"column":0},"end":{"line":132,"column":2}},"134":{"start":{"line":135,"column":0},"end":{"line":135,"column":38}},"135":{"start":{"line":136,"column":0},"end":{"line":136,"column":55}},"136":{"start":{"line":137,"column":0},"end":{"line":137,"column":34}},"137":{"start":{"line":138,"column":0},"end":{"line":138,"column":38}},"138":{"start":{"line":139,"column":0},"end":{"line":139,"column":41}},"139":{"start":{"line":140,"column":0},"end":{"line":140,"column":41}},"140":{"start":{"line":141,"column":0},"end":{"line":141,"column":41}},"141":{"start":{"line":142,"column":0},"end":{"line":142,"column":42}},"142":{"start":{"line":143,"column":0},"end":{"line":143,"column":2}},"145":{"start":{"line":146,"column":0},"end":{"line":146,"column":43}},"146":{"start":{"line":147,"column":0},"end":{"line":147,"column":75}},"147":{"start":{"line":148,"column":0},"end":{"line":148,"column":73}},"148":{"start":{"line":149,"column":0},"end":{"line":149,"column":25}},"149":{"start":{"line":150,"column":0},"end":{"line":150,"column":25}},"150":{"start":{"line":151,"column":0},"end":{"line":151,"column":38}},"151":{"start":{"line":152,"column":0},"end":{"line":152,"column":77}},"152":{"start":{"line":153,"column":0},"end":{"line":153,"column":44}},"153":{"start":{"line":154,"column":0},"end":{"line":154,"column":2}}},"s":{"0":1,"7":1,"13":1,"14":1,"15":1,"17":14,"18":14,"19":1,"20":1,"22":14,"23":1,"26":1,"27":1,"28":1,"29":1,"30":1,"31":1,"32":1,"35":1,"36":1,"37":1,"38":1,"39":1,"40":1,"41":1,"42":1,"43":1,"44":1,"45":1,"46":1,"47":1,"50":1,"51":1,"52":1,"53":1,"54":1,"55":1,"56":1,"57":1,"58":1,"59":1,"60":1,"61":1,"62":1,"63":1,"64":1,"65":1,"68":1,"69":1,"70":1,"71":1,"72":1,"73":1,"74":1,"75":1,"76":1,"77":1,"78":1,"79":1,"80":1,"81":1,"82":1,"83":1,"84":1,"85":1,"88":1,"89":1,"90":1,"91":1,"92":1,"93":1,"94":1,"95":1,"96":1,"97":1,"98":1,"99":1,"100":1,"101":1,"104":1,"105":1,"106":1,"107":1,"108":1,"109":1,"110":1,"111":1,"112":1,"115":1,"116":1,"117":1,"118":1,"119":1,"120":1,"121":1,"122":1,"123":1,"124":1,"125":1,"126":1,"127":1,"128":1,"129":1,"130":1,"131":1,"134":1,"135":1,"136":1,"137":1,"138":1,"139":1,"140":1,"141":1,"142":1,"145":1,"146":1,"147":1,"148":1,"149":1,"150":1,"151":1,"152":1,"153":1},"branchMap":{"0":{"type":"branch","line":16,"loc":{"start":{"line":16,"column":10},"end":{"line":20,"column":5}},"locations":[{"start":{"line":16,"column":10},"end":{"line":20,"column":5}}]},"1":{"type":"branch","line":19,"loc":{"start":{"line":19,"column":32},"end":{"line":19,"column":61}},"locations":[{"start":{"line":19,"column":32},"end":{"line":19,"column":61}}]},"2":{"type":"branch","line":21,"loc":{"start":{"line":21,"column":10},"end":{"line":24,"column":5}},"locations":[{"start":{"line":21,"column":10},"end":{"line":24,"column":5}}]},"3":{"type":"branch","line":128,"loc":{"start":{"line":128,"column":36},"end":{"line":128,"column":57}},"locations":[{"start":{"line":128,"column":36},"end":{"line":128,"column":57}}]},"4":{"type":"branch","line":129,"loc":{"start":{"line":129,"column":10},"end":{"line":129,"column":58}},"locations":[{"start":{"line":129,"column":10},"end":{"line":129,"column":58}}]}},"b":{"0":[14],"1":[12],"2":[14],"3":[2],"4":[2]},"fnMap":{"0":{"name":"__vite_ssr_import_0__.z.object.refine.message","decl":{"start":{"line":129,"column":10},"end":{"line":129,"column":58}},"loc":{"start":{"line":129,"column":10},"end":{"line":129,"column":58}},"line":129}},"f":{"0":2}}
}
