TN:
SF:components/error-boundary.tsx
FN:20,ErrorBoundary
FN:47,ErrorBoundary.resetError
FN:25,getDerivedStateFromError
FN:32,componentDidCatch
FN:51,render
FN:87,onClick
FNF:6
FNH:5
FNDA:12,ErrorBoundary
FNDA:2,ErrorBoundary.resetError
FNDA:14,getDerivedStateFromError
FNDA:7,componentDidCatch
FNDA:36,render
FNDA:0,onClick
DA:1,1
DA:3,1
DA:4,1
DA:5,1
DA:6,1
DA:19,1
DA:20,1
DA:21,12
DA:22,12
DA:23,12
DA:25,1
DA:26,14
DA:27,14
DA:28,14
DA:29,14
DA:30,14
DA:32,1
DA:34,7
DA:35,1
DA:36,1
DA:37,1
DA:38,1
DA:39,1
DA:41,7
DA:42,7
DA:43,7
DA:44,7
DA:45,7
DA:47,1
DA:48,2
DA:49,2
DA:51,1
DA:52,36
DA:53,21
DA:54,9
DA:55,9
DA:56,9
DA:58,12
DA:59,12
DA:60,12
DA:61,12
DA:62,12
DA:63,12
DA:64,12
DA:65,12
DA:66,12
DA:68,12
DA:69,12
DA:70,12
DA:71,21
DA:72,0
DA:73,0
DA:74,0
DA:75,0
DA:76,0
DA:77,0
DA:78,0
DA:80,21
DA:81,21
DA:82,21
DA:84,21
DA:85,21
DA:86,21
DA:87,21
DA:88,21
DA:89,21
DA:91,21
DA:92,21
DA:93,21
DA:94,21
DA:95,21
DA:97,21
DA:99,15
DA:100,36
DA:101,1
DA:103,1
LF:76
LH:69
BRDA:20,0,0,12
BRDA:47,1,0,2
BRDA:25,2,0,14
BRDA:32,3,0,7
BRDA:34,4,0,1
BRDA:51,5,0,36
BRDA:52,6,0,21
BRDA:53,7,0,9
BRDA:56,8,0,12
BRDA:71,9,0,0
BRDA:71,10,0,0
BRDA:97,11,0,15
BRF:12
BRH:10
end_of_record
TN:
SF:components/loading.tsx
FN:3,Loading
FNF:1
FNH:1
FNDA:2,Loading
DA:1,1
DA:3,2
DA:4,2
DA:5,2
DA:6,2
DA:8,2
DA:9,2
DA:10,2
DA:11,2
DA:12,2
DA:13,2
DA:14,2
DA:15,2
DA:18,2
DA:19,2
DA:20,2
DA:21,2
DA:22,2
DA:23,2
DA:24,2
DA:25,2
DA:28,2
DA:29,2
DA:30,6
DA:31,6
DA:32,6
DA:33,6
DA:34,18
DA:35,18
DA:36,18
DA:37,18
DA:38,18
DA:39,18
DA:40,18
DA:41,6
DA:42,6
DA:43,6
DA:44,2
DA:45,2
DA:46,2
DA:47,2
DA:49,2
LF:42
LH:42
BRDA:3,0,0,2
BRDA:29,1,0,6
BRDA:33,2,0,18
BRF:3
BRH:3
end_of_record
TN:
SF:components/ui/button.tsx
FNF:0
FNH:0
DA:1,1
DA:7,1
DA:8,1
DA:9,1
DA:10,1
DA:11,1
DA:12,1
DA:13,1
DA:14,1
DA:15,1
DA:16,1
DA:17,1
DA:18,1
DA:19,1
DA:20,1
DA:21,1
DA:22,1
DA:23,1
DA:24,1
DA:25,1
DA:26,1
DA:27,1
DA:28,1
DA:29,1
DA:30,1
DA:31,1
DA:32,1
DA:33,1
DA:34,1
DA:42,1
DA:43,1
DA:44,29
DA:45,29
DA:46,29
DA:47,29
DA:48,29
DA:49,29
DA:50,29
DA:52,29
DA:53,1
DA:54,1
LF:41
LH:41
BRDA:43,0,0,29
BRDA:44,1,0,0
BRF:2
BRH:1
end_of_record
TN:
SF:lib/accessibility.ts
FN:5,generateId
FN:10,announceToScreenReader
FN:30,focusFirst
FN:41,focusLast
FN:52,trapFocus
FN:59,handleTabKey
FN:86,getLuminance
FN:95,getContrastRatio
FN:104,meetsWCAGAA
FN:113,handleArrowNavigation
FN:142,handleActivation
FN:153,hideFromScreenReader
FN:158,showToScreenReader
FN:163,createScreenReaderText
FN:175,formField
FN:185,button
FN:192,modal
FNF:17
FNH:17
FNDA:2,generateId
FNDA:2,announceToScreenReader
FNDA:1,focusFirst
FNDA:1,focusLast
FNDA:3,trapFocus
FNDA:2,handleTabKey
FNDA:5,getLuminance
FNDA:2,getContrastRatio
FNDA:1,meetsWCAGAA
FNDA:3,handleArrowNavigation
FNDA:2,handleActivation
FNDA:1,hideFromScreenReader
FNDA:1,showToScreenReader
FNDA:1,createScreenReaderText
FNDA:3,formField
FNDA:1,button
FNDA:1,modal
DA:3,1
DA:5,1
DA:6,2
DA:7,2
DA:10,1
DA:11,2
DA:12,2
DA:13,2
DA:14,2
DA:15,2
DA:16,2
DA:18,2
DA:21,2
DA:22,1
DA:23,2
DA:24,2
DA:25,2
DA:28,1
DA:30,1
DA:31,1
DA:32,1
DA:33,1
DA:34,1
DA:35,1
DA:36,1
DA:37,1
DA:38,1
DA:41,1
DA:42,1
DA:43,1
DA:44,1
DA:45,1
DA:46,1
DA:47,1
DA:48,1
DA:49,1
DA:52,1
DA:53,3
DA:54,3
DA:55,3
DA:56,3
DA:57,3
DA:59,3
DA:60,2
DA:61,2
DA:62,1
DA:63,1
DA:64,1
DA:65,1
DA:66,1
DA:67,1
DA:68,1
DA:69,1
DA:70,1
DA:71,1
DA:72,2
DA:73,2
DA:75,3
DA:77,3
DA:78,1
DA:79,1
DA:80,3
DA:81,1
DA:84,1
DA:86,1
DA:87,5
DA:88,15
DA:89,15
DA:90,5
DA:91,5
DA:92,5
DA:95,1
DA:96,2
DA:97,2
DA:98,2
DA:99,2
DA:100,2
DA:101,2
DA:104,1
DA:105,1
DA:106,1
DA:107,1
DA:108,1
DA:111,1
DA:113,1
DA:114,3
DA:115,3
DA:116,3
DA:117,3
DA:118,3
DA:119,3
DA:120,3
DA:122,3
DA:123,1
DA:124,1
DA:125,1
DA:126,1
DA:127,1
DA:128,1
DA:130,3
DA:131,1
DA:132,1
DA:133,1
DA:134,1
DA:135,1
DA:136,1
DA:138,1
DA:139,3
DA:142,1
DA:143,2
DA:144,2
DA:145,2
DA:146,2
DA:147,2
DA:148,1
DA:151,1
DA:153,1
DA:154,1
DA:155,1
DA:158,1
DA:159,1
DA:160,1
DA:163,1
DA:164,1
DA:165,1
DA:166,1
DA:167,1
DA:168,1
DA:169,1
DA:170,1
DA:173,1
DA:175,1
DA:176,3
DA:177,3
DA:178,3
DA:179,3
DA:180,3
DA:181,3
DA:182,3
DA:185,1
DA:186,1
DA:187,1
DA:188,1
DA:189,1
DA:192,1
DA:193,1
DA:194,1
DA:195,1
DA:196,1
DA:197,1
DA:198,1
DA:199,1
DA:201,1
LF:153
LH:153
BRDA:5,0,0,2
BRDA:10,1,0,2
BRDA:21,2,0,1
BRDA:30,3,0,1
BRDA:41,4,0,1
BRDA:52,5,0,3
BRDA:59,6,0,2
BRDA:61,7,0,1
BRDA:77,8,0,1
BRDA:86,9,0,5
BRDA:87,10,0,15
BRDA:89,11,0,6
BRDA:89,12,0,9
BRDA:95,13,0,2
BRDA:104,14,0,1
BRDA:113,15,0,3
BRDA:122,16,0,2
BRDA:122,17,0,1
BRDA:124,18,0,0
BRDA:128,19,0,2
BRDA:130,20,0,1
BRDA:130,21,0,1
BRDA:132,22,0,0
BRDA:142,23,0,2
BRDA:143,24,0,1
BRDA:153,25,0,1
BRDA:158,26,0,1
BRDA:163,27,0,1
BRDA:175,28,0,3
BRDA:178,29,0,1
BRDA:178,30,0,2
BRDA:180,31,0,1
BRDA:185,32,0,1
BRDA:192,33,0,1
BRF:34
BRH:32
end_of_record
TN:
SF:lib/analytics.ts
FN:5,trackPageView
FN:15,trackEvent
FN:26,trackFormSubmission
FN:35,trackPropertyView
FN:40,trackSearch
FN:45,trackLeadGeneration
FN:53,trackCalculatorUsage
FN:58,trackEngagement
FN:73,trackWebVitals
FN:85,trackPageLoad
FN:99,trackPropertyInterest
FN:115,trackLeadConversion
FNF:12
FNH:12
FNDA:1,trackPageView
FNDA:9,trackEvent
FNDA:2,trackFormSubmission
FNDA:1,trackPropertyView
FNDA:1,trackSearch
FNDA:1,trackLeadGeneration
FNDA:1,trackCalculatorUsage
FNDA:1,trackEngagement
FNDA:1,trackWebVitals
FNDA:1,trackPageLoad
FNDA:1,trackPropertyInterest
FNDA:1,trackLeadConversion
DA:3,1
DA:5,1
DA:6,1
DA:7,1
DA:8,1
DA:9,1
DA:10,1
DA:11,1
DA:12,1
DA:15,1
DA:16,9
DA:17,9
DA:18,9
DA:19,9
DA:20,9
DA:21,9
DA:22,9
DA:23,9
DA:26,1
DA:27,2
DA:28,2
DA:29,2
DA:30,2
DA:31,2
DA:32,2
DA:35,1
DA:36,1
DA:37,1
DA:40,1
DA:41,1
DA:42,1
DA:45,1
DA:46,1
DA:47,1
DA:48,1
DA:49,1
DA:50,1
DA:53,1
DA:54,1
DA:55,1
DA:58,1
DA:59,1
DA:60,1
DA:61,1
DA:71,1
DA:73,1
DA:74,1
DA:75,1
DA:76,1
DA:77,1
DA:78,1
DA:79,1
DA:80,1
DA:81,1
DA:82,1
DA:85,1
DA:86,1
DA:87,1
DA:88,1
DA:89,1
DA:90,1
DA:91,1
DA:92,1
DA:93,1
DA:94,1
DA:97,1
DA:99,1
DA:100,1
DA:101,1
DA:102,1
DA:103,1
DA:104,1
DA:105,1
DA:106,1
DA:107,1
DA:108,1
DA:109,1
DA:110,1
DA:111,1
DA:112,1
DA:115,1
DA:116,1
DA:117,1
DA:118,1
DA:119,1
DA:120,1
DA:121,1
DA:122,1
DA:123,1
DA:124,1
DA:125,1
DA:126,1
DA:127,1
DA:128,1
DA:129,1
DA:130,1
LF:96
LH:96
BRDA:5,0,0,1
BRDA:15,1,0,9
BRDA:26,2,0,2
BRDA:28,3,0,1
BRDA:28,4,0,1
BRDA:35,5,0,1
BRDA:40,6,0,1
BRDA:45,7,0,1
BRDA:53,8,0,1
BRDA:58,9,0,1
BRDA:73,10,0,1
BRDA:78,11,0,0
BRDA:85,12,0,1
BRDA:99,13,0,1
BRDA:115,14,0,1
BRF:15
BRH:14
end_of_record
TN:
SF:lib/backend.ts
FN:10,backendUrl
FNF:1
FNH:1
FNDA:16,backendUrl
DA:1,1
DA:7,1
DA:8,1
DA:10,1
DA:11,16
DA:12,16
DA:13,16
DA:14,16
LF:8
LH:8
BRDA:10,0,0,16
BRDA:11,1,0,0
BRDA:12,2,0,15
BRDA:12,3,0,1
BRF:4
BRH:3
end_of_record
TN:
SF:lib/blacklist.ts
FN:16,checkUserBlacklist
FN:69,checkPropertyBlacklist
FN:118,checkIPBlacklist
FN:167,clearBlacklistCache
FN:174,getClientIP
FN:204,validateContent
FNF:6
FNH:6
FNDA:7,checkUserBlacklist
FNDA:1,checkPropertyBlacklist
FNDA:1,checkIPBlacklist
FNDA:16,clearBlacklistCache
FNDA:3,getClientIP
FNDA:5,validateContent
DA:1,1
DA:10,1
DA:11,1
DA:16,7
DA:17,7
DA:18,7
DA:19,7
DA:20,7
DA:21,7
DA:24,7
DA:25,7
DA:26,7
DA:27,1
DA:28,1
DA:29,7
DA:31,6
DA:32,6
DA:33,6
DA:34,6
DA:35,6
DA:36,6
DA:37,6
DA:38,6
DA:39,6
DA:40,6
DA:41,6
DA:42,6
DA:44,7
DA:46,1
DA:47,1
DA:48,1
DA:50,4
DA:51,7
DA:54,7
DA:55,4
DA:56,4
DA:58,4
DA:59,7
DA:60,1
DA:62,1
DA:63,1
DA:64,7
DA:69,1
DA:70,1
DA:71,1
DA:72,1
DA:73,1
DA:76,1
DA:77,1
DA:78,1
DA:79,0
DA:80,0
DA:81,1
DA:83,1
DA:84,1
DA:85,1
DA:86,1
DA:87,1
DA:88,1
DA:89,1
DA:90,1
DA:91,1
DA:92,1
DA:93,1
DA:95,1
DA:96,1
DA:97,1
DA:98,1
DA:100,0
DA:101,1
DA:104,1
DA:105,0
DA:106,0
DA:108,0
DA:109,0
DA:110,0
DA:111,0
DA:112,0
DA:113,1
DA:118,1
DA:119,1
DA:120,1
DA:121,1
DA:122,1
DA:125,1
DA:126,1
DA:127,1
DA:128,0
DA:129,0
DA:130,1
DA:132,1
DA:133,1
DA:134,1
DA:135,1
DA:136,1
DA:137,1
DA:138,1
DA:139,1
DA:140,1
DA:141,1
DA:142,1
DA:144,1
DA:145,1
DA:146,1
DA:147,1
DA:149,0
DA:150,1
DA:153,1
DA:154,0
DA:155,0
DA:157,0
DA:158,0
DA:159,0
DA:160,0
DA:161,0
DA:162,1
DA:167,1
DA:168,16
DA:169,16
DA:174,1
DA:176,3
DA:177,3
DA:178,3
DA:179,3
DA:180,3
DA:181,3
DA:182,3
DA:183,3
DA:184,3
DA:185,3
DA:187,3
DA:188,17
DA:189,17
DA:191,2
DA:192,2
DA:193,1
DA:194,1
DA:195,2
DA:196,17
DA:198,2
DA:199,2
DA:204,5
DA:205,5
DA:207,5
DA:208,5
DA:209,5
DA:210,5
DA:211,5
DA:213,5
DA:214,1
DA:215,1
DA:216,1
DA:218,3
DA:219,5
DA:220,1
DA:221,1
DA:223,2
DA:224,2
DA:226,2
DA:227,2
DA:228,1
DA:229,1
DA:230,2
DA:232,1
DA:233,1
DA:234,1
DA:235,1
DA:236,1
DA:237,5
LF:169
LH:149
BRDA:16,0,0,7
BRDA:21,1,0,0
BRDA:26,2,0,1
BRDA:26,3,0,1
BRDA:29,4,0,6
BRDA:42,5,0,5
BRDA:44,6,0,1
BRDA:48,7,0,4
BRDA:51,8,0,0
BRDA:54,9,0,4
BRDA:59,10,0,1
BRDA:69,11,0,1
BRDA:78,12,0,0
BRDA:78,13,0,0
BRDA:98,14,0,0
BRDA:101,15,0,0
BRDA:104,16,0,0
BRDA:118,17,0,1
BRDA:127,18,0,0
BRDA:127,19,0,0
BRDA:147,20,0,0
BRDA:150,21,0,0
BRDA:153,22,0,0
BRDA:167,23,0,16
BRDA:174,24,0,3
BRDA:187,25,0,17
BRDA:189,26,0,2
BRDA:192,27,0,1
BRDA:196,28,0,2
BRDA:204,29,0,5
BRDA:211,30,0,4
BRDA:213,31,0,1
BRDA:216,32,0,3
BRDA:219,33,0,2
BRDA:219,34,0,1
BRDA:221,35,0,2
BRDA:227,36,0,1
BRDA:230,37,0,1
BRF:38
BRH:26
end_of_record
TN:
SF:lib/config.ts
FN:90,validateConfig
FNF:1
FNH:1
FNDA:2,validateConfig
DA:2,1
DA:4,1
DA:5,1
DA:6,1
DA:7,1
DA:8,1
DA:9,1
DA:12,1
DA:13,1
DA:14,1
DA:15,1
DA:16,1
DA:17,1
DA:18,1
DA:19,1
DA:20,1
DA:23,1
DA:24,1
DA:25,1
DA:26,1
DA:27,1
DA:28,1
DA:29,1
DA:30,1
DA:31,1
DA:32,1
DA:35,1
DA:36,1
DA:37,1
DA:38,1
DA:41,1
DA:42,1
DA:43,1
DA:44,1
DA:45,1
DA:48,1
DA:49,1
DA:50,1
DA:51,1
DA:52,1
DA:53,1
DA:54,1
DA:55,1
DA:56,1
DA:59,1
DA:60,1
DA:61,1
DA:62,1
DA:63,1
DA:64,1
DA:65,1
DA:68,1
DA:69,1
DA:70,1
DA:71,1
DA:74,1
DA:75,1
DA:76,1
DA:77,1
DA:78,1
DA:79,1
DA:82,1
DA:83,1
DA:84,1
DA:85,1
DA:86,1
DA:87,1
DA:90,1
DA:91,2
DA:92,2
DA:93,2
DA:95,2
DA:97,2
DA:99,1
DA:100,1
DA:102,1
DA:103,1
DA:105,1
LF:78
LH:78
BRDA:44,0,0,0
BRDA:55,1,0,0
BRDA:55,2,0,0
BRDA:64,3,0,0
BRDA:90,4,0,2
BRDA:97,5,0,1
BRDA:97,6,0,1
BRDA:95,7,0,2
BRF:8
BRH:4
end_of_record
TN:
SF:lib/error-handler.ts
FN:7,AppError
FN:17,ValidationError
FN:23,AuthenticationError
FN:29,AuthorizationError
FN:35,NotFoundError
FN:41,ConflictError
FN:47,RateLimitError
FN:53,handleApiError
FN:103,handleClientError
FN:121,handleErrorBoundaryError
FN:138,asyncHandler
FN:151,withRetry
FN:177,logError
FNF:13
FNH:13
FNDA:9,AppError
FNDA:1,ValidationError
FNDA:1,AuthenticationError
FNDA:1,AuthorizationError
FNDA:1,NotFoundError
FNDA:1,ConflictError
FNDA:1,RateLimitError
FNDA:6,handleApiError
FNDA:2,handleClientError
FNDA:1,handleErrorBoundaryError
FNDA:2,asyncHandler
FNDA:2,withRetry
FNDA:1,logError
DA:3,1
DA:7,1
DA:8,9
DA:9,9
DA:10,9
DA:12,9
DA:13,9
DA:14,1
DA:16,1
DA:17,1
DA:18,1
DA:19,1
DA:20,1
DA:22,1
DA:23,1
DA:24,1
DA:25,1
DA:26,1
DA:28,1
DA:29,1
DA:30,1
DA:31,1
DA:32,1
DA:34,1
DA:35,1
DA:36,1
DA:37,1
DA:38,1
DA:40,1
DA:41,1
DA:42,1
DA:43,1
DA:44,1
DA:46,1
DA:47,1
DA:48,1
DA:49,1
DA:50,1
DA:53,1
DA:54,6
DA:56,6
DA:57,2
DA:58,2
DA:59,2
DA:60,2
DA:61,2
DA:62,2
DA:65,6
DA:66,1
DA:67,1
DA:68,1
DA:69,1
DA:70,1
DA:71,1
DA:74,6
DA:75,2
DA:76,2
DA:77,2
DA:78,1
DA:79,1
DA:80,1
DA:81,1
DA:82,2
DA:83,1
DA:84,1
DA:85,1
DA:86,1
DA:87,2
DA:88,0
DA:89,0
DA:90,0
DA:91,0
DA:92,2
DA:93,2
DA:96,1
DA:97,1
DA:98,1
DA:99,1
DA:100,1
DA:103,1
DA:104,2
DA:106,2
DA:107,1
DA:108,1
DA:109,1
DA:110,1
DA:111,1
DA:112,1
DA:114,1
DA:115,1
DA:116,1
DA:117,1
DA:118,1
DA:121,1
DA:122,1
DA:125,1
DA:128,0
DA:130,1
DA:131,1
DA:132,1
DA:133,1
DA:134,1
DA:135,1
DA:138,1
DA:139,2
DA:140,2
DA:141,2
DA:142,2
DA:143,2
DA:144,2
DA:145,1
DA:146,1
DA:147,2
DA:148,2
DA:151,1
DA:152,2
DA:153,2
DA:154,2
DA:155,2
DA:156,2
DA:158,2
DA:159,4
DA:160,4
DA:161,4
DA:162,3
DA:164,3
DA:165,1
DA:166,1
DA:169,2
DA:170,2
DA:171,4
DA:173,2
DA:174,2
DA:177,1
DA:178,1
DA:179,1
DA:180,1
DA:181,1
DA:182,1
DA:183,1
DA:184,1
DA:185,1
DA:186,1
DA:188,1
DA:191,1
DA:194,0
DA:195,1
DA:197,1
DA:198,1
DA:199,1
DA:200,1
DA:201,1
DA:202,1
DA:203,1
DA:204,1
DA:205,1
DA:206,1
DA:207,1
DA:208,1
DA:209,1
DA:210,1
DA:211,1
LF:162
LH:156
BRDA:7,0,0,9
BRDA:17,1,0,1
BRDA:23,2,0,1
BRDA:29,3,0,1
BRDA:35,4,0,1
BRDA:41,5,0,1
BRDA:47,6,0,1
BRDA:53,7,0,6
BRDA:56,8,0,2
BRDA:62,9,0,4
BRDA:65,10,0,4
BRDA:65,11,0,1
BRDA:71,12,0,3
BRDA:74,13,0,3
BRDA:74,14,0,2
BRDA:77,15,0,1
BRDA:82,16,0,1
BRDA:87,17,0,0
BRDA:93,18,0,1
BRDA:103,19,0,2
BRDA:104,20,0,0
BRDA:106,21,0,1
BRDA:110,22,0,0
BRDA:121,23,0,1
BRDA:125,24,0,0
BRDA:138,25,0,2
BRDA:141,26,0,2
BRDA:144,27,0,1
BRDA:151,28,0,2
BRDA:158,29,0,4
BRDA:161,30,0,3
BRDA:164,31,0,1
BRDA:166,32,0,2
BRDA:169,33,0,2
BRDA:177,34,0,1
BRDA:179,35,0,0
BRDA:180,36,0,0
BRDA:184,37,0,0
BRDA:185,38,0,0
BRDA:191,39,0,0
BRF:40
BRH:31
end_of_record
TN:
SF:lib/image-utils.ts
FN:11,getOptimizedImagePath
FN:38,getImageSrc
FNF:2
FNH:2
FNDA:4,getOptimizedImagePath
FNDA:4,getImageSrc
DA:11,1
DA:12,4
DA:15,2
DA:16,2
DA:19,2
DA:20,2
DA:21,2
DA:23,2
DA:24,1
DA:26,1
DA:27,1
DA:28,1
DA:29,1
DA:30,2
DA:31,1
DA:32,1
DA:38,1
DA:40,4
DA:43,4
DA:44,4
DA:45,4
DA:46,4
DA:47,4
DA:48,4
DA:49,4
DA:50,4
DA:51,4
DA:52,4
DA:53,4
DA:54,4
DA:55,4
DA:56,4
DA:58,4
DA:60,4
DA:61,3
DA:62,3
DA:64,1
DA:65,1
LF:38
LH:38
BRDA:11,0,0,4
BRDA:12,1,0,2
BRDA:15,2,0,1
BRDA:15,3,0,0
BRDA:23,4,0,1
BRDA:23,5,0,1
BRDA:23,6,0,1
BRDA:30,7,0,1
BRDA:38,8,0,4
BRDA:58,9,0,0
BRDA:60,10,0,3
BRDA:62,11,0,1
BRF:12
BRH:10
end_of_record
TN:
SF:lib/mortgage-utils.ts
FN:3,calculateMonthlyPI
FN:10,getLtv
FN:16,applyFinancedUpfrontToLoan
FN:20,getProgramDTI
FN:38,estimateConventionalPmiAnnualFactor
FN:48,getProgramMI
FN:93,clampCreditScore
FNF:7
FNH:7
FNDA:4,calculateMonthlyPI
FNDA:9,getLtv
FNDA:2,applyFinancedUpfrontToLoan
FNDA:5,getProgramDTI
FNDA:8,estimateConventionalPmiAnnualFactor
FNDA:5,getProgramMI
FNDA:6,clampCreditScore
DA:3,1
DA:4,4
DA:5,4
DA:6,4
DA:7,2
DA:8,2
DA:10,1
DA:11,9
DA:12,8
DA:13,8
DA:14,8
DA:16,1
DA:17,2
DA:18,2
DA:20,1
DA:21,5
DA:22,5
DA:24,1
DA:25,5
DA:27,1
DA:28,5
DA:30,1
DA:31,5
DA:32,5
DA:34,2
DA:35,5
DA:36,5
DA:38,1
DA:39,8
DA:41,8
DA:42,8
DA:43,8
DA:44,8
DA:45,2
DA:46,2
DA:48,1
DA:49,5
DA:50,5
DA:51,5
DA:52,5
DA:53,5
DA:54,5
DA:55,5
DA:56,5
DA:58,5
DA:59,5
DA:60,2
DA:61,2
DA:62,2
DA:63,2
DA:64,5
DA:66,1
DA:67,1
DA:68,1
DA:69,0
DA:70,1
DA:71,1
DA:72,1
DA:73,5
DA:75,1
DA:76,1
DA:77,1
DA:78,1
DA:79,1
DA:80,1
DA:81,1
DA:82,5
DA:84,1
DA:85,1
DA:86,1
DA:87,1
DA:88,5
DA:89,0
DA:90,5
DA:91,5
DA:93,1
DA:94,6
DA:95,4
DA:96,4
LF:79
LH:77
BRDA:3,0,0,4
BRDA:6,1,0,2
BRDA:6,2,0,0
BRDA:10,3,0,9
BRDA:11,4,0,1
BRDA:11,5,0,8
BRDA:16,6,0,2
BRDA:17,7,0,1
BRDA:17,8,0,1
BRDA:20,9,0,5
BRDA:22,10,0,1
BRDA:25,11,0,1
BRDA:28,12,0,1
BRDA:31,13,0,2
BRDA:32,14,0,2
BRDA:38,15,0,8
BRDA:39,16,0,2
BRDA:39,17,0,6
BRDA:41,18,0,2
BRDA:41,19,0,1
BRDA:41,20,0,1
BRDA:41,21,0,4
BRDA:42,22,0,0
BRDA:42,23,0,4
BRDA:43,24,0,1
BRDA:43,25,0,3
BRDA:44,26,0,1
BRDA:44,27,0,2
BRDA:48,28,0,5
BRDA:59,29,0,2
BRDA:61,30,0,1
BRDA:61,31,0,1
BRDA:62,32,0,1
BRDA:62,33,0,1
BRDA:64,34,0,1
BRDA:68,35,0,0
BRDA:68,36,0,0
BRDA:73,37,0,1
BRDA:75,38,0,0
BRDA:77,39,0,0
BRDA:82,40,0,1
BRDA:88,41,0,0
BRDA:93,42,0,6
BRDA:94,43,0,2
BRDA:94,44,0,4
BRF:45
BRH:38
end_of_record
TN:
SF:lib/performance.ts
FN:13,measurePageLoad
FN:28,measureWebVitals
FN:43,logMetrics
FN:54,getResponsiveSizes
FN:65,generateSrcSet
FN:75,createObserver
FN:87,lazyLoadImage
FN:98,getBundleInfo
FNF:8
FNH:8
FNDA:1,measurePageLoad
FNDA:1,measureWebVitals
FNDA:2,logMetrics
FNDA:1,getResponsiveSizes
FNDA:1,generateSrcSet
FNDA:1,createObserver
FNDA:2,lazyLoadImage
FNDA:1,getBundleInfo
DA:1,1
DA:11,1
DA:13,1
DA:14,1
DA:15,1
DA:16,1
DA:17,1
DA:18,0
DA:19,0
DA:20,0
DA:21,0
DA:22,0
DA:23,0
DA:24,0
DA:25,1
DA:28,1
DA:29,1
DA:31,0
DA:32,0
DA:33,0
DA:34,0
DA:35,0
DA:36,0
DA:37,0
DA:38,0
DA:39,1
DA:40,1
DA:43,1
DA:44,2
DA:45,1
DA:46,1
DA:47,1
DA:48,2
DA:49,1
DA:52,1
DA:54,1
DA:55,1
DA:56,1
DA:57,1
DA:58,1
DA:59,1
DA:60,1
DA:61,1
DA:62,1
DA:65,1
DA:66,1
DA:67,1
DA:68,1
DA:69,1
DA:70,1
DA:73,1
DA:75,1
DA:76,1
DA:77,0
DA:78,0
DA:79,0
DA:80,0
DA:81,0
DA:82,0
DA:83,1
DA:84,1
DA:87,1
DA:88,2
DA:89,1
DA:90,1
DA:91,1
DA:92,2
DA:93,1
DA:96,1
DA:98,1
DA:99,1
DA:100,1
DA:101,1
DA:102,1
DA:103,1
DA:104,1
DA:105,1
DA:107,1
DA:108,1
DA:109,1
DA:110,1
DA:111,1
DA:112,0
DA:113,1
DA:114,1
DA:115,1
DA:116,0
DA:117,1
DA:118,1
LF:89
LH:66
BRDA:13,0,0,1
BRDA:17,1,0,0
BRDA:28,2,0,1
BRDA:29,3,0,0
BRDA:43,4,0,2
BRDA:44,5,0,1
BRDA:54,6,0,1
BRDA:65,7,0,1
BRDA:67,8,0,2
BRDA:75,9,0,1
BRDA:76,10,0,0
BRDA:87,11,0,2
BRDA:88,12,0,1
BRDA:98,13,0,1
BRDA:115,14,0,0
BRF:15
BRH:11
end_of_record
TN:
SF:lib/responsive-utils.ts
FN:15,getCurrentBreakpoint
FN:25,isBreakpoint
FN:32,getGridCols
FN:45,getGap
FN:61,getPadding
FN:74,getMargin
FN:90,getTextSize
FN:103,getFontWeight
FN:119,getVisibility
FNF:9
FNH:9
FNDA:9,getCurrentBreakpoint
FNDA:3,isBreakpoint
FNDA:1,getGridCols
FNDA:1,getGap
FNDA:1,getPadding
FNDA:1,getMargin
FNDA:1,getTextSize
FNDA:1,getFontWeight
FNDA:2,getVisibility
DA:3,1
DA:4,1
DA:5,1
DA:6,1
DA:7,1
DA:8,1
DA:9,1
DA:10,1
DA:15,1
DA:16,9
DA:17,9
DA:18,9
DA:19,9
DA:20,9
DA:21,2
DA:22,2
DA:25,1
DA:26,3
DA:27,3
DA:30,1
DA:32,1
DA:33,1
DA:34,1
DA:35,2
DA:36,1
DA:37,1
DA:38,1
DA:39,1
DA:40,1
DA:41,1
DA:42,1
DA:45,1
DA:46,1
DA:47,1
DA:48,2
DA:49,1
DA:50,1
DA:51,1
DA:52,1
DA:53,1
DA:54,1
DA:55,1
DA:56,1
DA:59,1
DA:61,1
DA:62,1
DA:63,1
DA:64,2
DA:65,1
DA:66,1
DA:67,1
DA:68,1
DA:69,1
DA:70,1
DA:71,1
DA:74,1
DA:75,1
DA:76,1
DA:77,1
DA:78,1
DA:79,1
DA:80,0
DA:81,0
DA:82,1
DA:83,1
DA:84,1
DA:85,1
DA:88,1
DA:90,1
DA:91,1
DA:92,1
DA:93,2
DA:94,1
DA:95,1
DA:96,1
DA:97,1
DA:98,1
DA:99,1
DA:100,1
DA:103,1
DA:104,1
DA:105,1
DA:106,1
DA:107,1
DA:108,1
DA:109,0
DA:110,0
DA:111,1
DA:112,1
DA:113,1
DA:114,1
DA:117,1
DA:119,1
DA:120,2
DA:121,2
DA:122,3
DA:123,2
DA:124,1
DA:125,1
DA:126,1
DA:127,1
DA:128,3
DA:129,1
DA:130,1
DA:131,1
DA:132,0
DA:133,0
DA:134,1
DA:135,2
DA:136,2
DA:137,2
DA:138,1
DA:141,1
DA:143,1
DA:146,1
DA:149,1
DA:152,1
DA:153,1
DA:156,1
DA:158,1
DA:161,1
DA:164,1
DA:167,1
DA:170,1
DA:171,1
DA:174,1
DA:176,1
DA:179,1
DA:182,1
DA:185,1
DA:188,1
DA:189,1
DA:192,1
DA:194,1
DA:197,1
DA:200,1
DA:201,1
DA:202,1
DA:203,1
DA:204,1
DA:205,1
DA:206,1
DA:209,1
DA:211,1
DA:214,1
DA:217,1
DA:220,1
DA:223,1
DA:224,1
DA:226,1
DA:227,1
DA:228,1
DA:229,1
DA:230,1
DA:231,1
DA:232,1
DA:233,1
DA:234,1
DA:235,1
DA:236,1
DA:237,1
DA:238,1
DA:239,1
DA:241,1
LF:164
LH:158
BRDA:15,0,0,9
BRDA:16,1,0,2
BRDA:16,2,0,7
BRDA:17,3,0,2
BRDA:17,4,0,5
BRDA:18,5,0,1
BRDA:18,6,0,4
BRDA:19,7,0,1
BRDA:19,8,0,3
BRDA:20,9,0,1
BRDA:20,10,0,2
BRDA:25,11,0,3
BRDA:32,12,0,1
BRDA:34,13,0,2
BRDA:35,14,0,1
BRDA:45,15,0,1
BRDA:47,16,0,2
BRDA:48,17,0,1
BRDA:61,18,0,1
BRDA:63,19,0,2
BRDA:64,20,0,1
BRDA:74,21,0,1
BRDA:76,22,0,1
BRDA:79,23,0,0
BRDA:90,24,0,1
BRDA:92,25,0,2
BRDA:93,26,0,1
BRDA:103,27,0,1
BRDA:105,28,0,1
BRDA:108,29,0,0
BRDA:119,30,0,2
BRDA:121,31,0,3
BRDA:122,32,0,2
BRDA:123,33,0,1
BRDA:128,34,0,1
BRDA:131,35,0,0
BRF:36
BRH:33
end_of_record
TN:
SF:lib/security.ts
FN:8,sanitizeInput
FN:23,isValidEmail
FN:31,isValidPhone
FN:39,isValidZipCode
FN:47,sanitizeFormData
FN:64,generateSecureToken
FN:83,isSecureContext
FN:93,setItem
FN:112,getItem
FN:124,removeItem
FN:146,RateLimiter
FN:151,isAllowed
FN:169,reset
FN:178,<static_initializer>
FN:195,isUserAgentBlacklisted
FN:212,isDomainBlacklisted
FN:235,addPattern
FN:242,addUserAgent
FNF:18
FNH:18
FNDA:6,sanitizeInput
FNDA:3,isValidEmail
FNDA:4,isValidPhone
FNDA:4,isValidZipCode
FNDA:3,sanitizeFormData
FNDA:1,generateSecureToken
FNDA:1,isSecureContext
FNDA:2,setItem
FNDA:2,getItem
FNDA:1,removeItem
FNDA:2,RateLimiter
FNDA:7,isAllowed
FNDA:1,reset
FNDA:1,<static_initializer>
FNDA:6,isUserAgentBlacklisted
FNDA:3,isDomainBlacklisted
FNDA:1,addPattern
FNDA:1,addUserAgent
DA:8,1
DA:9,6
DA:11,5
DA:12,5
DA:13,5
DA:14,5
DA:15,5
DA:16,5
DA:17,5
DA:18,5
DA:23,1
DA:24,3
DA:25,3
DA:26,3
DA:31,1
DA:32,4
DA:33,4
DA:34,4
DA:39,1
DA:40,4
DA:41,4
DA:42,4
DA:47,1
DA:48,3
DA:50,3
DA:51,3
DA:52,2
DA:53,3
DA:54,1
DA:55,1
DA:56,3
DA:58,3
DA:59,3
DA:64,1
DA:65,1
DA:66,1
DA:67,1
DA:68,1
DA:69,1
DA:72,0
DA:73,0
DA:74,0
DA:75,0
DA:76,0
DA:77,0
DA:78,0
DA:83,1
DA:84,1
DA:85,1
DA:86,0
DA:87,1
DA:92,1
DA:93,1
DA:94,2
DA:95,2
DA:96,0
DA:97,0
DA:100,2
DA:101,2
DA:102,2
DA:104,2
DA:105,2
DA:106,2
DA:107,0
DA:108,0
DA:109,0
DA:110,2
DA:112,1
DA:113,2
DA:114,2
DA:115,0
DA:116,0
DA:117,2
DA:118,2
DA:119,0
DA:120,0
DA:121,0
DA:122,2
DA:124,1
DA:125,1
DA:126,1
DA:127,0
DA:128,0
DA:129,1
DA:130,1
DA:131,1
DA:132,0
DA:133,0
DA:134,0
DA:135,1
DA:136,1
DA:141,1
DA:142,1
DA:146,1
DA:147,2
DA:148,2
DA:149,2
DA:151,1
DA:152,7
DA:153,7
DA:156,7
DA:158,7
DA:159,2
DA:160,2
DA:163,5
DA:164,5
DA:166,5
DA:167,7
DA:169,1
DA:170,1
DA:171,1
DA:172,1
DA:177,1
DA:178,1
DA:179,1
DA:180,1
DA:181,1
DA:182,1
DA:183,1
DA:185,1
DA:186,1
DA:187,1
DA:188,1
DA:189,1
DA:190,1
DA:195,1
DA:196,6
DA:198,5
DA:201,6
DA:202,3
DA:203,3
DA:206,2
DA:207,6
DA:212,1
DA:213,3
DA:215,3
DA:216,3
DA:217,3
DA:220,3
DA:221,2
DA:222,1
DA:223,3
DA:225,1
DA:226,1
DA:227,1
DA:228,1
DA:229,1
DA:230,3
DA:235,1
DA:236,1
DA:237,1
DA:242,1
DA:243,1
DA:244,1
DA:245,1
DA:246,1
DA:247,1
LF:157
LH:134
BRDA:8,0,0,6
BRDA:9,1,0,1
BRDA:9,2,0,5
BRDA:23,3,0,3
BRDA:31,4,0,4
BRDA:39,5,0,4
BRDA:47,6,0,3
BRDA:51,7,0,2
BRDA:53,8,0,1
BRDA:64,9,0,1
BRDA:69,10,0,0
BRDA:68,11,0,16
BRDA:83,12,0,1
BRDA:85,13,0,0
BRDA:93,14,0,2
BRDA:95,15,0,0
BRDA:106,16,0,0
BRDA:112,17,0,2
BRDA:114,18,0,0
BRDA:118,19,0,0
BRDA:124,20,0,1
BRDA:126,21,0,0
BRDA:131,22,0,0
BRDA:146,23,0,2
BRDA:151,24,0,7
BRDA:153,25,0,3
BRDA:158,26,0,2
BRDA:160,27,0,5
BRDA:156,28,0,7
BRDA:169,29,0,1
BRDA:178,30,0,1
BRDA:195,31,0,6
BRDA:196,32,0,1
BRDA:196,33,0,5
BRDA:201,34,0,3
BRDA:203,35,0,2
BRDA:201,36,0,18
BRDA:206,37,0,9
BRDA:212,38,0,3
BRDA:213,39,0,0
BRDA:220,40,0,2
BRDA:221,41,0,1
BRDA:223,42,0,1
BRDA:235,43,0,1
BRDA:242,44,0,1
BRF:45
BRH:36
end_of_record
TN:
SF:lib/seo.ts
FN:5,toAbsoluteUrl
FN:59,generateServiceJsonLd
FN:85,generateFAQJsonLd
FN:103,generateLocalBusinessJsonLd
FN:127,generateOrganizationJsonLd
FN:162,generateBreadcrumbJsonLd
FN:178,generateWebsiteJsonLd
FN:198,generateRealEstateAgentJsonLd
FN:224,generatePropertyJsonLd
FN:290,generateWebPageJsonLd
FN:308,generateBlogPostingJsonLd
FN:363,generateWebApplicationJsonLd
FNF:12
FNH:12
FNDA:14,toAbsoluteUrl
FNDA:2,generateServiceJsonLd
FNDA:1,generateFAQJsonLd
FNDA:4,generateLocalBusinessJsonLd
FNDA:1,generateOrganizationJsonLd
FNDA:1,generateBreadcrumbJsonLd
FNDA:1,generateWebsiteJsonLd
FNDA:1,generateRealEstateAgentJsonLd
FNDA:2,generatePropertyJsonLd
FNDA:1,generateWebPageJsonLd
FNDA:1,generateBlogPostingJsonLd
FNDA:1,generateWebApplicationJsonLd
DA:1,1
DA:3,1
DA:5,1
DA:6,14
DA:7,14
DA:8,14
DA:9,14
DA:59,1
DA:60,2
DA:61,2
DA:62,2
DA:63,2
DA:64,2
DA:65,2
DA:66,2
DA:67,2
DA:68,2
DA:69,2
DA:70,2
DA:71,1
DA:72,1
DA:73,2
DA:74,2
DA:75,2
DA:76,0
DA:77,0
DA:78,2
DA:79,2
DA:80,2
DA:85,1
DA:86,1
DA:87,1
DA:88,1
DA:89,1
DA:90,2
DA:91,2
DA:92,2
DA:93,2
DA:94,2
DA:95,2
DA:96,1
DA:97,1
DA:98,1
DA:103,1
DA:104,4
DA:105,4
DA:107,2
DA:108,2
DA:110,2
DA:111,2
DA:112,2
DA:113,2
DA:114,2
DA:115,2
DA:116,2
DA:117,2
DA:118,2
DA:119,2
DA:120,2
DA:121,2
DA:122,2
DA:123,2
DA:124,2
DA:125,2
DA:127,1
DA:128,1
DA:129,1
DA:130,1
DA:131,1
DA:132,1
DA:133,1
DA:134,1
DA:135,1
DA:136,1
DA:137,1
DA:138,1
DA:139,1
DA:140,1
DA:141,1
DA:142,1
DA:143,1
DA:144,1
DA:145,1
DA:146,1
DA:147,1
DA:148,1
DA:149,1
DA:150,1
DA:151,1
DA:152,1
DA:153,1
DA:154,1
DA:155,1
DA:156,1
DA:157,1
DA:162,1
DA:163,1
DA:164,1
DA:165,1
DA:166,1
DA:167,2
DA:168,2
DA:169,2
DA:170,2
DA:171,1
DA:172,1
DA:173,1
DA:178,1
DA:179,1
DA:180,1
DA:181,1
DA:182,1
DA:183,1
DA:184,1
DA:185,1
DA:186,1
DA:187,1
DA:188,1
DA:189,1
DA:190,1
DA:191,1
DA:192,1
DA:193,1
DA:198,1
DA:205,1
DA:206,1
DA:207,1
DA:208,1
DA:209,1
DA:210,1
DA:211,1
DA:212,1
DA:213,1
DA:214,1
DA:215,0
DA:216,0
DA:217,1
DA:218,1
DA:219,1
DA:224,1
DA:249,2
DA:250,2
DA:251,2
DA:252,2
DA:253,2
DA:254,2
DA:255,2
DA:256,2
DA:258,2
DA:260,1
DA:261,1
DA:262,1
DA:263,1
DA:264,1
DA:265,1
DA:266,1
DA:267,1
DA:268,1
DA:269,2
DA:270,0
DA:271,0
DA:272,0
DA:273,2
DA:274,2
DA:275,2
DA:276,0
DA:277,0
DA:278,0
DA:279,2
DA:280,2
DA:281,2
DA:282,0
DA:283,0
DA:284,0
DA:285,0
DA:286,2
DA:287,2
DA:288,2
DA:290,1
DA:294,1
DA:295,1
DA:296,1
DA:297,1
DA:299,1
DA:300,1
DA:301,1
DA:302,1
DA:303,1
DA:304,1
DA:305,1
DA:306,1
DA:308,1
DA:320,1
DA:321,1
DA:323,1
DA:325,1
DA:326,1
DA:328,1
DA:329,1
DA:331,1
DA:333,1
DA:334,1
DA:335,1
DA:336,1
DA:337,1
DA:338,1
DA:339,1
DA:340,1
DA:341,1
DA:342,1
DA:343,1
DA:344,1
DA:345,1
DA:346,1
DA:347,1
DA:348,1
DA:349,1
DA:350,0
DA:351,0
DA:352,0
DA:353,0
DA:354,0
DA:355,0
DA:356,1
DA:357,1
DA:358,1
DA:359,1
DA:360,1
DA:361,1
DA:363,1
DA:372,1
DA:373,1
DA:375,1
DA:377,1
DA:378,1
DA:380,1
DA:382,1
DA:383,1
DA:384,1
DA:385,1
DA:386,1
DA:387,1
DA:388,1
DA:389,1
DA:390,1
DA:391,1
DA:392,1
DA:393,1
DA:394,1
DA:395,1
DA:396,1
DA:397,0
DA:398,0
DA:399,0
DA:400,0
DA:401,0
DA:402,0
DA:403,0
DA:404,1
DA:405,1
DA:406,1
LF:261
LH:234
BRDA:5,0,0,14
BRDA:6,1,0,6
BRDA:6,2,0,8
BRDA:7,3,0,5
BRDA:7,4,0,3
BRDA:8,5,0,0
BRDA:59,6,0,2
BRDA:70,7,0,1
BRDA:73,8,0,1
BRDA:75,9,0,0
BRDA:85,10,0,1
BRDA:89,11,0,2
BRDA:103,12,0,4
BRDA:105,13,0,3
BRDA:105,14,0,2
BRDA:127,15,0,1
BRDA:162,16,0,1
BRDA:166,17,0,2
BRDA:178,18,0,1
BRDA:198,19,0,1
BRDA:214,20,0,0
BRDA:224,21,0,2
BRDA:250,22,0,0
BRDA:258,23,0,1
BRDA:258,24,0,1
BRDA:258,25,0,1
BRDA:269,26,0,0
BRDA:273,27,0,1
BRDA:275,28,0,0
BRDA:279,29,0,1
BRDA:280,30,0,0
BRDA:280,31,0,0
BRDA:280,32,0,1
BRDA:281,33,0,0
BRDA:286,34,0,1
BRDA:290,35,0,1
BRDA:297,36,0,0
BRDA:308,37,0,1
BRDA:323,38,0,0
BRDA:326,39,0,0
BRDA:331,40,0,0
BRDA:338,41,0,0
BRDA:349,42,0,0
BRDA:358,43,0,0
BRDA:358,44,0,0
BRDA:359,45,0,0
BRDA:363,46,0,1
BRDA:375,47,0,0
BRDA:378,48,0,0
BRDA:395,49,0,0
BRDA:396,50,0,0
BRF:51
BRH:29
end_of_record
TN:
SF:lib/site.ts
FNF:0
FNH:0
DA:1,1
DA:2,1
DA:3,1
DA:4,1
DA:5,1
DA:9,1
DA:12,1
DA:13,1
DA:14,1
DA:15,1
DA:16,1
DA:18,1
DA:19,1
DA:20,1
DA:21,1
DA:22,1
DA:23,1
DA:24,1
DA:27,1
DA:28,1
DA:29,1
DA:30,1
DA:31,1
DA:32,1
DA:33,1
DA:34,1
DA:35,1
DA:36,1
DA:37,1
DA:38,1
DA:39,1
DA:40,1
DA:41,1
DA:42,1
DA:43,1
DA:44,1
DA:45,1
DA:46,1
DA:50,1
DA:51,1
DA:52,1
DA:53,1
DA:54,1
DA:55,1
DA:56,1
DA:57,1
DA:58,1
DA:59,1
DA:63,1
LF:49
LH:49
BRF:0
BRH:0
end_of_record
TN:
SF:lib/speculation-rules.ts
FN:95,getSpeculationRulesJson
FNF:1
FNH:1
FNDA:3,getSpeculationRulesJson
DA:13,1
DA:14,1
DA:15,1
DA:16,1
DA:17,1
DA:18,1
DA:19,1
DA:20,1
DA:21,1
DA:22,1
DA:25,1
DA:26,1
DA:27,1
DA:28,1
DA:29,1
DA:30,1
DA:31,1
DA:32,1
DA:33,1
DA:34,1
DA:35,1
DA:36,1
DA:37,1
DA:38,1
DA:39,1
DA:40,1
DA:41,1
DA:42,1
DA:43,1
DA:44,1
DA:45,1
DA:46,1
DA:47,1
DA:48,1
DA:49,1
DA:50,1
DA:51,1
DA:52,1
DA:58,1
DA:59,1
DA:60,1
DA:61,1
DA:62,1
DA:63,1
DA:64,1
DA:65,1
DA:66,1
DA:67,1
DA:68,1
DA:69,1
DA:70,1
DA:71,1
DA:72,1
DA:73,1
DA:74,1
DA:75,1
DA:76,1
DA:77,1
DA:78,1
DA:79,1
DA:80,1
DA:81,1
DA:82,1
DA:83,1
DA:84,1
DA:85,1
DA:86,1
DA:87,1
DA:88,1
DA:95,1
DA:96,3
DA:102,3
DA:103,3
DA:104,3
DA:105,3
DA:106,3
DA:107,3
DA:108,3
DA:109,3
DA:110,3
LF:80
LH:80
BRDA:95,0,0,3
BRF:1
BRH:1
end_of_record
TN:
SF:lib/task-scheduler.ts
FN:10,scheduleTask
FN:33,processInChunks
FN:62,requestIdleCallback.timeout
FN:76,debounce
FN:82,executedFunction
FN:83,later
FN:98,throttle
FN:104,executedFunction
FN:116,requestAnimationFrameTask
FN:127,batchUpdates
FN:143,measureTask
FNF:11
FNH:10
FNDA:2,scheduleTask
FNDA:3,processInChunks
FNDA:0,requestIdleCallback.timeout
FNDA:1,debounce
FNDA:1,executedFunction
FNDA:1,later
FNDA:1,throttle
FNDA:3,executedFunction
FNDA:1,requestAnimationFrameTask
FNDA:1,batchUpdates
FNDA:1,measureTask
DA:10,1
DA:11,2
DA:12,2
DA:16,2
DA:17,2
DA:18,2
DA:19,2
DA:21,2
DA:22,2
DA:23,2
DA:24,2
DA:25,1
DA:26,1
DA:27,2
DA:28,2
DA:33,3
DA:34,3
DA:35,3
DA:36,3
DA:40,3
DA:41,3
DA:42,3
DA:43,3
DA:44,3
DA:46,3
DA:47,5
DA:48,5
DA:49,5
DA:51,5
DA:52,2
DA:53,2
DA:56,5
DA:57,1
DA:58,5
DA:60,1
DA:61,1
DA:62,0
DA:63,1
DA:64,1
DA:65,1
DA:66,1
DA:67,1
DA:68,5
DA:70,5
DA:71,5
DA:76,1
DA:77,1
DA:78,1
DA:79,1
DA:80,1
DA:82,1
DA:83,1
DA:84,1
DA:85,1
DA:86,1
DA:88,1
DA:89,0
DA:90,0
DA:91,1
DA:92,1
DA:93,1
DA:98,1
DA:99,1
DA:100,1
DA:101,1
DA:102,1
DA:104,1
DA:105,3
DA:106,2
DA:107,2
DA:108,2
DA:109,2
DA:110,3
DA:111,1
DA:116,1
DA:117,1
DA:118,1
DA:119,1
DA:120,0
DA:121,0
DA:122,1
DA:127,1
DA:128,1
DA:129,0
DA:130,0
DA:131,0
DA:132,1
DA:134,1
DA:135,1
DA:136,1
DA:137,1
DA:138,1
DA:143,1
DA:144,1
DA:145,1
DA:146,1
DA:147,1
DA:148,1
DA:149,1
DA:150,1
DA:152,1
DA:153,0
DA:154,0
DA:155,0
DA:156,0
DA:159,1
DA:160,0
DA:161,0
DA:162,0
DA:163,0
DA:165,1
DA:166,1
LF:112
LH:96
BRDA:10,0,0,2
BRDA:18,1,0,2
BRDA:24,2,0,1
BRDA:33,3,0,3
BRDA:46,4,0,5
BRDA:51,5,0,2
BRDA:56,6,0,2
BRDA:56,7,0,1
BRDA:58,8,0,4
BRDA:58,9,0,1
BRDA:57,10,0,1
BRDA:60,11,0,1
BRDA:61,12,0,0
BRDA:76,13,0,1
BRDA:82,14,0,1
BRDA:88,15,0,0
BRDA:83,16,0,1
BRDA:98,17,0,1
BRDA:104,18,0,3
BRDA:105,19,0,2
BRDA:108,20,0,1
BRDA:116,21,0,1
BRDA:119,22,0,0
BRDA:127,23,0,1
BRDA:128,24,0,0
BRDA:134,25,0,1
BRDA:135,26,0,2
BRDA:143,27,0,1
BRDA:152,28,0,0
BRDA:159,29,0,0
BRDA:159,30,0,0
BRF:31
BRH:24
end_of_record
TN:
SF:lib/utils.ts
FN:4,cn
FNF:1
FNH:1
FNDA:206,cn
DA:1,1
DA:4,1
DA:5,206
DA:6,206
LF:4
LH:4
BRDA:4,0,0,206
BRF:1
BRH:1
end_of_record
TN:
SF:lib/validations.ts
FN:129,__vite_ssr_import_0__.z.object.refine.message
FNF:1
FNH:1
FNDA:2,__vite_ssr_import_0__.z.object.refine.message
DA:1,1
DA:8,1
DA:14,1
DA:15,1
DA:16,1
DA:18,14
DA:19,14
DA:20,1
DA:21,1
DA:23,14
DA:24,1
DA:27,1
DA:28,1
DA:29,1
DA:30,1
DA:31,1
DA:32,1
DA:33,1
DA:36,1
DA:37,1
DA:38,1
DA:39,1
DA:40,1
DA:41,1
DA:42,1
DA:43,1
DA:44,1
DA:45,1
DA:46,1
DA:47,1
DA:48,1
DA:51,1
DA:52,1
DA:53,1
DA:54,1
DA:55,1
DA:56,1
DA:57,1
DA:58,1
DA:59,1
DA:60,1
DA:61,1
DA:62,1
DA:63,1
DA:64,1
DA:65,1
DA:66,1
DA:69,1
DA:70,1
DA:71,1
DA:72,1
DA:73,1
DA:74,1
DA:75,1
DA:76,1
DA:77,1
DA:78,1
DA:79,1
DA:80,1
DA:81,1
DA:82,1
DA:83,1
DA:84,1
DA:85,1
DA:86,1
DA:89,1
DA:90,1
DA:91,1
DA:92,1
DA:93,1
DA:94,1
DA:95,1
DA:96,1
DA:97,1
DA:98,1
DA:99,1
DA:100,1
DA:101,1
DA:102,1
DA:105,1
DA:106,1
DA:107,1
DA:108,1
DA:109,1
DA:110,1
DA:111,1
DA:112,1
DA:113,1
DA:116,1
DA:117,1
DA:118,1
DA:119,1
DA:120,1
DA:121,1
DA:122,1
DA:123,1
DA:124,1
DA:125,1
DA:126,1
DA:127,1
DA:128,1
DA:129,1
DA:130,1
DA:131,1
DA:132,1
DA:135,1
DA:136,1
DA:137,1
DA:138,1
DA:139,1
DA:140,1
DA:141,1
DA:142,1
DA:143,1
DA:146,1
DA:147,1
DA:148,1
DA:149,1
DA:150,1
DA:151,1
DA:152,1
DA:153,1
DA:154,1
LF:123
LH:123
BRDA:16,0,0,14
BRDA:19,1,0,12
BRDA:21,2,0,14
BRDA:128,3,0,2
BRDA:129,4,0,2
BRF:5
BRH:5
end_of_record
